2018-05-23 10:39:00.122  INFO 10008 --- [main] com.server.ServerApplicationTests        : No active profile set, falling back to default profiles: default
2018-05-23 10:39:01.358  INFO 10008 --- [main] o.s.cloud.context.scope.GenericScope     : BeanFactory id=6bd77748-23a3-3685-99b3-c9183ca39039
2018-05-23 10:39:01.449  INFO 10008 --- [main] f.a.AutowiredAnnotationBeanPostProcessor : JSR-330 'javax.inject.Inject' annotation found and supported for autowiring
2018-05-23 10:39:01.692  INFO 10008 --- [main] trationDelegate$BeanPostProcessorChecker : Bean 'org.springframework.cloud.autoconfigure.ConfigurationPropertiesRebinderAutoConfiguration' of type [org.springframework.cloud.autoconfigure.ConfigurationPropertiesRebinderAutoConfiguration$$EnhancerBySpringCGLIB$$250f39af] is not eligible for getting processed by all BeanPostProcessors (for example: not eligible for auto-proxying)
2018-05-23 10:39:01.983  WARN 10008 --- [main] o.s.c.n.a.ArchaiusAutoConfiguration      : No spring.application.name found, defaulting to 'application'
2018-05-23 10:39:01.989  WARN 10008 --- [main] c.n.c.sources.URLConfigurationSource     : No URLs will be polled as dynamic configuration sources.
2018-05-23 10:39:01.989  INFO 10008 --- [main] c.n.c.sources.URLConfigurationSource     : To enable URLs as dynamic configuration sources, define System property archaius.configurationSource.additionalUrls or make config.properties available on classpath.
2018-05-23 10:39:01.996  WARN 10008 --- [main] c.n.c.sources.URLConfigurationSource     : No URLs will be polled as dynamic configuration sources.
2018-05-23 10:39:01.997  INFO 10008 --- [main] c.n.c.sources.URLConfigurationSource     : To enable URLs as dynamic configuration sources, define System property archaius.configurationSource.additionalUrls or make config.properties available on classpath.
2018-05-23 10:39:04.317  INFO 10008 --- [main] o.s.ui.freemarker.SpringTemplateLoader   : SpringTemplateLoader for FreeMarker: using resource loader [org.springframework.web.context.support.GenericWebApplicationContext@acb0951: startup date [Wed May 23 10:39:00 CST 2018]; parent: org.springframework.context.annotation.AnnotationConfigApplicationContext@43599640] and template loader path [classpath:/templates/]
2018-05-23 10:39:04.865  INFO 10008 --- [main] o.s.c.n.eureka.InstanceInfoFactory       : Setting initial instance status as: STARTING
2018-05-23 10:39:04.907  INFO 10008 --- [main] com.netflix.discovery.DiscoveryClient    : Initializing Eureka in region us-east-1
2018-05-23 10:39:04.909  INFO 10008 --- [main] com.netflix.discovery.DiscoveryClient    : Client configured to neither register nor query for data.
2018-05-23 10:39:04.921  INFO 10008 --- [main] com.netflix.discovery.DiscoveryClient    : Discovery Client initialized at timestamp 1527043144920 with initial instances count: 0
2018-05-23 10:39:04.982  INFO 10008 --- [main] c.n.eureka.DefaultEurekaServerContext    : Initializing ...
2018-05-23 10:39:04.984  INFO 10008 --- [main] c.n.eureka.cluster.PeerEurekaNodes       : Adding new peer nodes [http://localhost:8761/eureka/]
2018-05-23 10:39:05.149  INFO 10008 --- [main] c.n.d.provider.DiscoveryJerseyProvider   : Using JSON encoding codec LegacyJacksonJson
2018-05-23 10:39:05.150  INFO 10008 --- [main] c.n.d.provider.DiscoveryJerseyProvider   : Using JSON decoding codec LegacyJacksonJson
2018-05-23 10:39:05.150  INFO 10008 --- [main] c.n.d.provider.DiscoveryJerseyProvider   : Using XML encoding codec XStreamXml
2018-05-23 10:39:05.150  INFO 10008 --- [main] c.n.d.provider.DiscoveryJerseyProvider   : Using XML decoding codec XStreamXml
2018-05-23 10:39:05.391  INFO 10008 --- [main] c.n.eureka.cluster.PeerEurekaNodes       : Replica node URL:  http://localhost:8761/eureka/
2018-05-23 10:39:05.406  INFO 10008 --- [main] c.n.e.registry.AbstractInstanceRegistry  : Finished initializing remote region registries. All known remote regions: []
2018-05-23 10:39:05.408  INFO 10008 --- [main] c.n.eureka.DefaultEurekaServerContext    : Initialized
2018-05-23 10:39:05.612  INFO 10008 --- [main] o.s.b.a.e.web.EndpointLinksResolver      : Exposing 2 endpoint(s) beneath base path '/actuator'
2018-05-23 10:39:05.629  INFO 10008 --- [main] s.b.a.e.w.s.WebMvcEndpointHandlerMapping : Mapped "{[/actuator/health],methods=[GET],produces=[application/vnd.spring-boot.actuator.v2+json || application/json]}" onto public java.lang.Object org.springframework.boot.actuate.endpoint.web.servlet.AbstractWebMvcEndpointHandlerMapping$OperationHandler.handle(javax.servlet.http.HttpServletRequest,java.util.Map<java.lang.String, java.lang.String>)
2018-05-23 10:39:05.631  INFO 10008 --- [main] s.b.a.e.w.s.WebMvcEndpointHandlerMapping : Mapped "{[/actuator/info],methods=[GET],produces=[application/vnd.spring-boot.actuator.v2+json || application/json]}" onto public java.lang.Object org.springframework.boot.actuate.endpoint.web.servlet.AbstractWebMvcEndpointHandlerMapping$OperationHandler.handle(javax.servlet.http.HttpServletRequest,java.util.Map<java.lang.String, java.lang.String>)
2018-05-23 10:39:05.632  INFO 10008 --- [main] s.b.a.e.w.s.WebMvcEndpointHandlerMapping : Mapped "{[/actuator],methods=[GET],produces=[application/vnd.spring-boot.actuator.v2+json || application/json]}" onto protected java.util.Map<java.lang.String, java.util.Map<java.lang.String, org.springframework.boot.actuate.endpoint.web.Link>> org.springframework.boot.actuate.endpoint.web.servlet.WebMvcEndpointHandlerMapping.links(javax.servlet.http.HttpServletRequest,javax.servlet.http.HttpServletResponse)
2018-05-23 10:39:05.699  INFO 10008 --- [main] o.s.c.support.DefaultLifecycleProcessor  : Starting beans in phase 0
2018-05-23 10:39:05.701  INFO 10008 --- [Thread-13] o.s.c.n.e.server.EurekaServerBootstrap   : Setting the eureka configuration..
2018-05-23 10:39:05.701  INFO 10008 --- [Thread-13] o.s.c.n.e.server.EurekaServerBootstrap   : Eureka data center value eureka.datacenter is not set, defaulting to default
2018-05-23 10:39:05.702  INFO 10008 --- [Thread-13] o.s.c.n.e.server.EurekaServerBootstrap   : Eureka environment value eureka.environment is not set, defaulting to test
2018-05-23 10:39:05.721  INFO 10008 --- [main] com.server.ServerApplicationTests        : Started ServerApplicationTests in 7.24 seconds (JVM running for 8.372)
2018-05-23 10:39:05.730  INFO 10008 --- [Thread-13] o.s.c.n.e.server.EurekaServerBootstrap   : isAws returned false
2018-05-23 10:39:05.731  INFO 10008 --- [Thread-13] o.s.c.n.e.server.EurekaServerBootstrap   : Initialized server context
2018-05-23 10:39:05.731  INFO 10008 --- [Thread-13] c.n.e.r.PeerAwareInstanceRegistryImpl    : Got 1 instances from neighboring DS node
2018-05-23 10:39:05.731  INFO 10008 --- [Thread-13] c.n.e.r.PeerAwareInstanceRegistryImpl    : Renew threshold is: 1
2018-05-23 10:39:05.731  INFO 10008 --- [Thread-13] c.n.e.r.PeerAwareInstanceRegistryImpl    : Changing status to UP
2018-05-23 10:39:05.744  INFO 10008 --- [Thread-13] e.s.EurekaServerInitializerConfiguration : Started Eureka Server
2018-05-23 10:39:05.982  INFO 10008 --- [Thread-14] o.s.c.n.e.s.EurekaServiceRegistry        : Unregistering application unknown with eureka with status DOWN
2018-05-23 10:39:05.986  INFO 10008 --- [Thread-14] o.s.c.support.DefaultLifecycleProcessor  : Stopping beans in phase 0
2018-05-23 10:39:05.988  INFO 10008 --- [Thread-14] c.n.eureka.DefaultEurekaServerContext    : Shutting down ...
2018-05-23 10:39:05.994  INFO 10008 --- [Thread-14] c.n.eureka.DefaultEurekaServerContext    : Shut down
2018-05-23 10:39:05.997  INFO 10008 --- [Thread-14] com.netflix.discovery.DiscoveryClient    : Shutting down DiscoveryClient ...
2018-05-23 10:39:05.997  INFO 10008 --- [Thread-14] com.netflix.discovery.DiscoveryClient    : Completed shut down of DiscoveryClient
2018-05-23 10:44:19.899  INFO 4224 --- [main] com.server.ServerApplicationTests        : No active profile set, falling back to default profiles: default
2018-05-23 10:44:21.230  INFO 4224 --- [main] o.s.cloud.context.scope.GenericScope     : BeanFactory id=6bd77748-23a3-3685-99b3-c9183ca39039
2018-05-23 10:44:21.320  INFO 4224 --- [main] f.a.AutowiredAnnotationBeanPostProcessor : JSR-330 'javax.inject.Inject' annotation found and supported for autowiring
2018-05-23 10:44:21.559  INFO 4224 --- [main] trationDelegate$BeanPostProcessorChecker : Bean 'org.springframework.cloud.autoconfigure.ConfigurationPropertiesRebinderAutoConfiguration' of type [org.springframework.cloud.autoconfigure.ConfigurationPropertiesRebinderAutoConfiguration$$EnhancerBySpringCGLIB$$d6c0801a] is not eligible for getting processed by all BeanPostProcessors (for example: not eligible for auto-proxying)
2018-05-23 10:44:21.847  WARN 4224 --- [main] o.s.c.n.a.ArchaiusAutoConfiguration      : No spring.application.name found, defaulting to 'application'
2018-05-23 10:44:21.853  WARN 4224 --- [main] c.n.c.sources.URLConfigurationSource     : No URLs will be polled as dynamic configuration sources.
2018-05-23 10:44:21.853  INFO 4224 --- [main] c.n.c.sources.URLConfigurationSource     : To enable URLs as dynamic configuration sources, define System property archaius.configurationSource.additionalUrls or make config.properties available on classpath.
2018-05-23 10:44:21.861  WARN 4224 --- [main] c.n.c.sources.URLConfigurationSource     : No URLs will be polled as dynamic configuration sources.
2018-05-23 10:44:21.861  INFO 4224 --- [main] c.n.c.sources.URLConfigurationSource     : To enable URLs as dynamic configuration sources, define System property archaius.configurationSource.additionalUrls or make config.properties available on classpath.
2018-05-23 10:44:24.036  INFO 4224 --- [main] o.s.ui.freemarker.SpringTemplateLoader   : SpringTemplateLoader for FreeMarker: using resource loader [org.springframework.web.context.support.GenericWebApplicationContext@5bf22f18: startup date [Wed May 23 10:44:19 CST 2018]; parent: org.springframework.context.annotation.AnnotationConfigApplicationContext@48c76607] and template loader path [classpath:/templates/]
2018-05-23 10:44:24.613  INFO 4224 --- [main] o.s.c.n.eureka.InstanceInfoFactory       : Setting initial instance status as: STARTING
2018-05-23 10:44:24.687  INFO 4224 --- [main] com.netflix.discovery.DiscoveryClient    : Initializing Eureka in region us-east-1
2018-05-23 10:44:24.690  INFO 4224 --- [main] com.netflix.discovery.DiscoveryClient    : Client configured to neither register nor query for data.
2018-05-23 10:44:24.703  INFO 4224 --- [main] com.netflix.discovery.DiscoveryClient    : Discovery Client initialized at timestamp 1527043464701 with initial instances count: 0
2018-05-23 10:44:24.769  INFO 4224 --- [main] c.n.eureka.DefaultEurekaServerContext    : Initializing ...
2018-05-23 10:44:24.773  INFO 4224 --- [main] c.n.eureka.cluster.PeerEurekaNodes       : Adding new peer nodes [http://localhost:8761/eureka/]
2018-05-23 10:44:24.978  INFO 4224 --- [main] c.n.d.provider.DiscoveryJerseyProvider   : Using JSON encoding codec LegacyJacksonJson
2018-05-23 10:44:24.981  INFO 4224 --- [main] c.n.d.provider.DiscoveryJerseyProvider   : Using JSON decoding codec LegacyJacksonJson
2018-05-23 10:44:24.982  INFO 4224 --- [main] c.n.d.provider.DiscoveryJerseyProvider   : Using XML encoding codec XStreamXml
2018-05-23 10:44:24.984  INFO 4224 --- [main] c.n.d.provider.DiscoveryJerseyProvider   : Using XML decoding codec XStreamXml
2018-05-23 10:44:25.245  INFO 4224 --- [main] c.n.eureka.cluster.PeerEurekaNodes       : Replica node URL:  http://localhost:8761/eureka/
2018-05-23 10:44:25.257  INFO 4224 --- [main] c.n.e.registry.AbstractInstanceRegistry  : Finished initializing remote region registries. All known remote regions: []
2018-05-23 10:44:25.258  INFO 4224 --- [main] c.n.eureka.DefaultEurekaServerContext    : Initialized
2018-05-23 10:44:25.417  INFO 4224 --- [main] o.s.b.a.e.web.EndpointLinksResolver      : Exposing 2 endpoint(s) beneath base path '/actuator'
2018-05-23 10:44:25.428  INFO 4224 --- [main] s.b.a.e.w.s.WebMvcEndpointHandlerMapping : Mapped "{[/actuator/health],methods=[GET],produces=[application/vnd.spring-boot.actuator.v2+json || application/json]}" onto public java.lang.Object org.springframework.boot.actuate.endpoint.web.servlet.AbstractWebMvcEndpointHandlerMapping$OperationHandler.handle(javax.servlet.http.HttpServletRequest,java.util.Map<java.lang.String, java.lang.String>)
2018-05-23 10:44:25.429  INFO 4224 --- [main] s.b.a.e.w.s.WebMvcEndpointHandlerMapping : Mapped "{[/actuator/info],methods=[GET],produces=[application/vnd.spring-boot.actuator.v2+json || application/json]}" onto public java.lang.Object org.springframework.boot.actuate.endpoint.web.servlet.AbstractWebMvcEndpointHandlerMapping$OperationHandler.handle(javax.servlet.http.HttpServletRequest,java.util.Map<java.lang.String, java.lang.String>)
2018-05-23 10:44:25.430  INFO 4224 --- [main] s.b.a.e.w.s.WebMvcEndpointHandlerMapping : Mapped "{[/actuator],methods=[GET],produces=[application/vnd.spring-boot.actuator.v2+json || application/json]}" onto protected java.util.Map<java.lang.String, java.util.Map<java.lang.String, org.springframework.boot.actuate.endpoint.web.Link>> org.springframework.boot.actuate.endpoint.web.servlet.WebMvcEndpointHandlerMapping.links(javax.servlet.http.HttpServletRequest,javax.servlet.http.HttpServletResponse)
2018-05-23 10:44:25.493  INFO 4224 --- [main] o.s.c.support.DefaultLifecycleProcessor  : Starting beans in phase 0
2018-05-23 10:44:25.494  INFO 4224 --- [Thread-13] o.s.c.n.e.server.EurekaServerBootstrap   : Setting the eureka configuration..
2018-05-23 10:44:25.495  INFO 4224 --- [Thread-13] o.s.c.n.e.server.EurekaServerBootstrap   : Eureka data center value eureka.datacenter is not set, defaulting to default
2018-05-23 10:44:25.495  INFO 4224 --- [Thread-13] o.s.c.n.e.server.EurekaServerBootstrap   : Eureka environment value eureka.environment is not set, defaulting to test
2018-05-23 10:44:25.524  INFO 4224 --- [main] com.server.ServerApplicationTests        : Started ServerApplicationTests in 7.234 seconds (JVM running for 8.281)
2018-05-23 10:44:25.529  INFO 4224 --- [Thread-13] o.s.c.n.e.server.EurekaServerBootstrap   : isAws returned false
2018-05-23 10:44:25.530  INFO 4224 --- [Thread-13] o.s.c.n.e.server.EurekaServerBootstrap   : Initialized server context
2018-05-23 10:44:25.531  INFO 4224 --- [Thread-13] c.n.e.r.PeerAwareInstanceRegistryImpl    : Got 1 instances from neighboring DS node
2018-05-23 10:44:25.531  INFO 4224 --- [Thread-13] c.n.e.r.PeerAwareInstanceRegistryImpl    : Renew threshold is: 1
2018-05-23 10:44:25.531  INFO 4224 --- [Thread-13] c.n.e.r.PeerAwareInstanceRegistryImpl    : Changing status to UP
2018-05-23 10:44:25.542  INFO 4224 --- [Thread-13] e.s.EurekaServerInitializerConfiguration : Started Eureka Server
2018-05-23 10:44:25.725  INFO 4224 --- [Thread-14] o.s.c.n.e.s.EurekaServiceRegistry        : Unregistering application unknown with eureka with status DOWN
2018-05-23 10:44:25.728  INFO 4224 --- [Thread-14] o.s.c.support.DefaultLifecycleProcessor  : Stopping beans in phase 0
2018-05-23 10:44:25.730  INFO 4224 --- [Thread-14] c.n.eureka.DefaultEurekaServerContext    : Shutting down ...
2018-05-23 10:44:25.734  INFO 4224 --- [Thread-14] c.n.eureka.DefaultEurekaServerContext    : Shut down
2018-05-23 10:44:25.736  INFO 4224 --- [Thread-14] com.netflix.discovery.DiscoveryClient    : Shutting down DiscoveryClient ...
2018-05-23 10:44:25.737  INFO 4224 --- [Thread-14] com.netflix.discovery.DiscoveryClient    : Completed shut down of DiscoveryClient
2018-05-23 10:48:37.632  INFO 10740 --- [main] com.server.ServerApplicationTests        : No active profile set, falling back to default profiles: default
2018-05-23 10:48:38.850  INFO 10740 --- [main] o.s.cloud.context.scope.GenericScope     : BeanFactory id=6bd77748-23a3-3685-99b3-c9183ca39039
2018-05-23 10:48:38.923  INFO 10740 --- [main] f.a.AutowiredAnnotationBeanPostProcessor : JSR-330 'javax.inject.Inject' annotation found and supported for autowiring
2018-05-23 10:48:39.263  INFO 10740 --- [main] trationDelegate$BeanPostProcessorChecker : Bean 'org.springframework.cloud.autoconfigure.ConfigurationPropertiesRebinderAutoConfiguration' of type [org.springframework.cloud.autoconfigure.ConfigurationPropertiesRebinderAutoConfiguration$$EnhancerBySpringCGLIB$$250f39af] is not eligible for getting processed by all BeanPostProcessors (for example: not eligible for auto-proxying)
2018-05-23 10:48:39.579  WARN 10740 --- [main] o.s.c.n.a.ArchaiusAutoConfiguration      : No spring.application.name found, defaulting to 'application'
2018-05-23 10:48:39.586  WARN 10740 --- [main] c.n.c.sources.URLConfigurationSource     : No URLs will be polled as dynamic configuration sources.
2018-05-23 10:48:39.586  INFO 10740 --- [main] c.n.c.sources.URLConfigurationSource     : To enable URLs as dynamic configuration sources, define System property archaius.configurationSource.additionalUrls or make config.properties available on classpath.
2018-05-23 10:48:39.600  WARN 10740 --- [main] c.n.c.sources.URLConfigurationSource     : No URLs will be polled as dynamic configuration sources.
2018-05-23 10:48:39.600  INFO 10740 --- [main] c.n.c.sources.URLConfigurationSource     : To enable URLs as dynamic configuration sources, define System property archaius.configurationSource.additionalUrls or make config.properties available on classpath.
2018-05-23 10:48:41.837  INFO 10740 --- [main] o.s.ui.freemarker.SpringTemplateLoader   : SpringTemplateLoader for FreeMarker: using resource loader [org.springframework.web.context.support.GenericWebApplicationContext@267f474e: startup date [Wed May 23 10:48:37 CST 2018]; parent: org.springframework.context.annotation.AnnotationConfigApplicationContext@43599640] and template loader path [classpath:/templates/]
2018-05-23 10:48:42.351  INFO 10740 --- [main] o.s.c.n.eureka.InstanceInfoFactory       : Setting initial instance status as: STARTING
2018-05-23 10:48:42.391  INFO 10740 --- [main] com.netflix.discovery.DiscoveryClient    : Initializing Eureka in region us-east-1
2018-05-23 10:48:42.393  INFO 10740 --- [main] com.netflix.discovery.DiscoveryClient    : Client configured to neither register nor query for data.
2018-05-23 10:48:42.403  INFO 10740 --- [main] com.netflix.discovery.DiscoveryClient    : Discovery Client initialized at timestamp 1527043722401 with initial instances count: 0
2018-05-23 10:48:42.463  INFO 10740 --- [main] c.n.eureka.DefaultEurekaServerContext    : Initializing ...
2018-05-23 10:48:42.465  INFO 10740 --- [main] c.n.eureka.cluster.PeerEurekaNodes       : Adding new peer nodes [http://localhost:8761/eureka/]
2018-05-23 10:48:42.730  INFO 10740 --- [main] c.n.d.provider.DiscoveryJerseyProvider   : Using JSON encoding codec LegacyJacksonJson
2018-05-23 10:48:42.731  INFO 10740 --- [main] c.n.d.provider.DiscoveryJerseyProvider   : Using JSON decoding codec LegacyJacksonJson
2018-05-23 10:48:42.731  INFO 10740 --- [main] c.n.d.provider.DiscoveryJerseyProvider   : Using XML encoding codec XStreamXml
2018-05-23 10:48:42.731  INFO 10740 --- [main] c.n.d.provider.DiscoveryJerseyProvider   : Using XML decoding codec XStreamXml
2018-05-23 10:48:43.037  INFO 10740 --- [main] c.n.eureka.cluster.PeerEurekaNodes       : Replica node URL:  http://localhost:8761/eureka/
2018-05-23 10:48:43.061  INFO 10740 --- [main] c.n.e.registry.AbstractInstanceRegistry  : Finished initializing remote region registries. All known remote regions: []
2018-05-23 10:48:43.062  INFO 10740 --- [main] c.n.eureka.DefaultEurekaServerContext    : Initialized
2018-05-23 10:48:43.264  INFO 10740 --- [main] o.s.b.a.e.web.EndpointLinksResolver      : Exposing 2 endpoint(s) beneath base path '/actuator'
2018-05-23 10:48:43.280  INFO 10740 --- [main] s.b.a.e.w.s.WebMvcEndpointHandlerMapping : Mapped "{[/actuator/health],methods=[GET],produces=[application/vnd.spring-boot.actuator.v2+json || application/json]}" onto public java.lang.Object org.springframework.boot.actuate.endpoint.web.servlet.AbstractWebMvcEndpointHandlerMapping$OperationHandler.handle(javax.servlet.http.HttpServletRequest,java.util.Map<java.lang.String, java.lang.String>)
2018-05-23 10:48:43.281  INFO 10740 --- [main] s.b.a.e.w.s.WebMvcEndpointHandlerMapping : Mapped "{[/actuator/info],methods=[GET],produces=[application/vnd.spring-boot.actuator.v2+json || application/json]}" onto public java.lang.Object org.springframework.boot.actuate.endpoint.web.servlet.AbstractWebMvcEndpointHandlerMapping$OperationHandler.handle(javax.servlet.http.HttpServletRequest,java.util.Map<java.lang.String, java.lang.String>)
2018-05-23 10:48:43.283  INFO 10740 --- [main] s.b.a.e.w.s.WebMvcEndpointHandlerMapping : Mapped "{[/actuator],methods=[GET],produces=[application/vnd.spring-boot.actuator.v2+json || application/json]}" onto protected java.util.Map<java.lang.String, java.util.Map<java.lang.String, org.springframework.boot.actuate.endpoint.web.Link>> org.springframework.boot.actuate.endpoint.web.servlet.WebMvcEndpointHandlerMapping.links(javax.servlet.http.HttpServletRequest,javax.servlet.http.HttpServletResponse)
2018-05-23 10:48:43.374  INFO 10740 --- [main] o.s.c.support.DefaultLifecycleProcessor  : Starting beans in phase 0
2018-05-23 10:48:43.376  INFO 10740 --- [Thread-11] o.s.c.n.e.server.EurekaServerBootstrap   : Setting the eureka configuration..
2018-05-23 10:48:43.377  INFO 10740 --- [Thread-11] o.s.c.n.e.server.EurekaServerBootstrap   : Eureka data center value eureka.datacenter is not set, defaulting to default
2018-05-23 10:48:43.379  INFO 10740 --- [Thread-11] o.s.c.n.e.server.EurekaServerBootstrap   : Eureka environment value eureka.environment is not set, defaulting to test
2018-05-23 10:48:43.399  INFO 10740 --- [main] com.server.ServerApplicationTests        : Started ServerApplicationTests in 7.614 seconds (JVM running for 8.649)
2018-05-23 10:48:43.414  INFO 10740 --- [Thread-11] o.s.c.n.e.server.EurekaServerBootstrap   : isAws returned false
2018-05-23 10:48:43.414  INFO 10740 --- [Thread-11] o.s.c.n.e.server.EurekaServerBootstrap   : Initialized server context
2018-05-23 10:48:43.415  INFO 10740 --- [Thread-11] c.n.e.r.PeerAwareInstanceRegistryImpl    : Got 1 instances from neighboring DS node
2018-05-23 10:48:43.415  INFO 10740 --- [Thread-11] c.n.e.r.PeerAwareInstanceRegistryImpl    : Renew threshold is: 1
2018-05-23 10:48:43.415  INFO 10740 --- [Thread-11] c.n.e.r.PeerAwareInstanceRegistryImpl    : Changing status to UP
2018-05-23 10:48:43.434  INFO 10740 --- [Thread-11] e.s.EurekaServerInitializerConfiguration : Started Eureka Server
2018-05-23 10:48:43.701  INFO 10740 --- [Thread-12] o.s.c.n.e.s.EurekaServiceRegistry        : Unregistering application unknown with eureka with status DOWN
2018-05-23 10:48:43.705  INFO 10740 --- [Thread-12] o.s.c.support.DefaultLifecycleProcessor  : Stopping beans in phase 0
2018-05-23 10:48:43.706  INFO 10740 --- [Thread-12] c.n.eureka.DefaultEurekaServerContext    : Shutting down ...
2018-05-23 10:48:43.855  INFO 10740 --- [Thread-12] c.n.eureka.DefaultEurekaServerContext    : Shut down
2018-05-23 10:48:43.857  INFO 10740 --- [Thread-12] com.netflix.discovery.DiscoveryClient    : Shutting down DiscoveryClient ...
2018-05-23 10:48:43.858  INFO 10740 --- [Thread-12] com.netflix.discovery.DiscoveryClient    : Completed shut down of DiscoveryClient
2018-05-23 10:49:39.573  INFO 11148 --- [main] com.server.ServerApplicationTests        : No active profile set, falling back to default profiles: default
2018-05-23 10:49:40.764  INFO 11148 --- [main] o.s.cloud.context.scope.GenericScope     : BeanFactory id=6bd77748-23a3-3685-99b3-c9183ca39039
2018-05-23 10:49:40.840  INFO 11148 --- [main] f.a.AutowiredAnnotationBeanPostProcessor : JSR-330 'javax.inject.Inject' annotation found and supported for autowiring
2018-05-23 10:49:41.052  INFO 11148 --- [main] trationDelegate$BeanPostProcessorChecker : Bean 'org.springframework.cloud.autoconfigure.ConfigurationPropertiesRebinderAutoConfiguration' of type [org.springframework.cloud.autoconfigure.ConfigurationPropertiesRebinderAutoConfiguration$$EnhancerBySpringCGLIB$$41d375bd] is not eligible for getting processed by all BeanPostProcessors (for example: not eligible for auto-proxying)
2018-05-23 10:49:41.365  WARN 11148 --- [main] o.s.c.n.a.ArchaiusAutoConfiguration      : No spring.application.name found, defaulting to 'application'
2018-05-23 10:49:41.372  WARN 11148 --- [main] c.n.c.sources.URLConfigurationSource     : No URLs will be polled as dynamic configuration sources.
2018-05-23 10:49:41.372  INFO 11148 --- [main] c.n.c.sources.URLConfigurationSource     : To enable URLs as dynamic configuration sources, define System property archaius.configurationSource.additionalUrls or make config.properties available on classpath.
2018-05-23 10:49:41.382  WARN 11148 --- [main] c.n.c.sources.URLConfigurationSource     : No URLs will be polled as dynamic configuration sources.
2018-05-23 10:49:41.382  INFO 11148 --- [main] c.n.c.sources.URLConfigurationSource     : To enable URLs as dynamic configuration sources, define System property archaius.configurationSource.additionalUrls or make config.properties available on classpath.
2018-05-23 10:49:43.624  INFO 11148 --- [main] o.s.ui.freemarker.SpringTemplateLoader   : SpringTemplateLoader for FreeMarker: using resource loader [org.springframework.web.context.support.GenericWebApplicationContext@62e70ea3: startup date [Wed May 23 10:49:39 CST 2018]; parent: org.springframework.context.annotation.AnnotationConfigApplicationContext@1863d2fe] and template loader path [classpath:/templates/]
2018-05-23 10:49:44.222  INFO 11148 --- [main] o.s.c.n.eureka.InstanceInfoFactory       : Setting initial instance status as: STARTING
2018-05-23 10:49:44.268  INFO 11148 --- [main] com.netflix.discovery.DiscoveryClient    : Initializing Eureka in region us-east-1
2018-05-23 10:49:44.270  INFO 11148 --- [main] com.netflix.discovery.DiscoveryClient    : Client configured to neither register nor query for data.
2018-05-23 10:49:44.284  INFO 11148 --- [main] com.netflix.discovery.DiscoveryClient    : Discovery Client initialized at timestamp 1527043784282 with initial instances count: 0
2018-05-23 10:49:44.362  INFO 11148 --- [main] c.n.eureka.DefaultEurekaServerContext    : Initializing ...
2018-05-23 10:49:44.364  INFO 11148 --- [main] c.n.eureka.cluster.PeerEurekaNodes       : Adding new peer nodes [http://localhost:8761/eureka/]
2018-05-23 10:49:44.594  INFO 11148 --- [main] c.n.d.provider.DiscoveryJerseyProvider   : Using JSON encoding codec LegacyJacksonJson
2018-05-23 10:49:44.595  INFO 11148 --- [main] c.n.d.provider.DiscoveryJerseyProvider   : Using JSON decoding codec LegacyJacksonJson
2018-05-23 10:49:44.595  INFO 11148 --- [main] c.n.d.provider.DiscoveryJerseyProvider   : Using XML encoding codec XStreamXml
2018-05-23 10:49:44.595  INFO 11148 --- [main] c.n.d.provider.DiscoveryJerseyProvider   : Using XML decoding codec XStreamXml
2018-05-23 10:49:45.052  INFO 11148 --- [main] c.n.eureka.cluster.PeerEurekaNodes       : Replica node URL:  http://localhost:8761/eureka/
2018-05-23 10:49:45.064  INFO 11148 --- [main] c.n.e.registry.AbstractInstanceRegistry  : Finished initializing remote region registries. All known remote regions: []
2018-05-23 10:49:45.065  INFO 11148 --- [main] c.n.eureka.DefaultEurekaServerContext    : Initialized
2018-05-23 10:49:45.263  INFO 11148 --- [main] o.s.b.a.e.web.EndpointLinksResolver      : Exposing 2 endpoint(s) beneath base path '/actuator'
2018-05-23 10:49:45.281  INFO 11148 --- [main] s.b.a.e.w.s.WebMvcEndpointHandlerMapping : Mapped "{[/actuator/health],methods=[GET],produces=[application/vnd.spring-boot.actuator.v2+json || application/json]}" onto public java.lang.Object org.springframework.boot.actuate.endpoint.web.servlet.AbstractWebMvcEndpointHandlerMapping$OperationHandler.handle(javax.servlet.http.HttpServletRequest,java.util.Map<java.lang.String, java.lang.String>)
2018-05-23 10:49:45.281  INFO 11148 --- [main] s.b.a.e.w.s.WebMvcEndpointHandlerMapping : Mapped "{[/actuator/info],methods=[GET],produces=[application/vnd.spring-boot.actuator.v2+json || application/json]}" onto public java.lang.Object org.springframework.boot.actuate.endpoint.web.servlet.AbstractWebMvcEndpointHandlerMapping$OperationHandler.handle(javax.servlet.http.HttpServletRequest,java.util.Map<java.lang.String, java.lang.String>)
2018-05-23 10:49:45.282  INFO 11148 --- [main] s.b.a.e.w.s.WebMvcEndpointHandlerMapping : Mapped "{[/actuator],methods=[GET],produces=[application/vnd.spring-boot.actuator.v2+json || application/json]}" onto protected java.util.Map<java.lang.String, java.util.Map<java.lang.String, org.springframework.boot.actuate.endpoint.web.Link>> org.springframework.boot.actuate.endpoint.web.servlet.WebMvcEndpointHandlerMapping.links(javax.servlet.http.HttpServletRequest,javax.servlet.http.HttpServletResponse)
2018-05-23 10:49:45.345  INFO 11148 --- [main] o.s.c.support.DefaultLifecycleProcessor  : Starting beans in phase 0
2018-05-23 10:49:45.357  INFO 11148 --- [Thread-13] o.s.c.n.e.server.EurekaServerBootstrap   : Setting the eureka configuration..
2018-05-23 10:49:45.357  INFO 11148 --- [Thread-13] o.s.c.n.e.server.EurekaServerBootstrap   : Eureka data center value eureka.datacenter is not set, defaulting to default
2018-05-23 10:49:45.358  INFO 11148 --- [Thread-13] o.s.c.n.e.server.EurekaServerBootstrap   : Eureka environment value eureka.environment is not set, defaulting to test
2018-05-23 10:49:45.372  INFO 11148 --- [main] com.server.ServerApplicationTests        : Started ServerApplicationTests in 7.411 seconds (JVM running for 8.45)
2018-05-23 10:49:45.385  INFO 11148 --- [Thread-13] o.s.c.n.e.server.EurekaServerBootstrap   : isAws returned false
2018-05-23 10:49:45.386  INFO 11148 --- [Thread-13] o.s.c.n.e.server.EurekaServerBootstrap   : Initialized server context
2018-05-23 10:49:45.389  INFO 11148 --- [Thread-13] c.n.e.r.PeerAwareInstanceRegistryImpl    : Got 1 instances from neighboring DS node
2018-05-23 10:49:45.389  INFO 11148 --- [Thread-13] c.n.e.r.PeerAwareInstanceRegistryImpl    : Renew threshold is: 1
2018-05-23 10:49:45.390  INFO 11148 --- [Thread-13] c.n.e.r.PeerAwareInstanceRegistryImpl    : Changing status to UP
2018-05-23 10:49:45.418  INFO 11148 --- [Thread-13] e.s.EurekaServerInitializerConfiguration : Started Eureka Server
2018-05-23 10:49:45.581  INFO 11148 --- [Thread-14] o.s.c.n.e.s.EurekaServiceRegistry        : Unregistering application unknown with eureka with status DOWN
2018-05-23 10:49:45.584  INFO 11148 --- [Thread-14] o.s.c.support.DefaultLifecycleProcessor  : Stopping beans in phase 0
2018-05-23 10:49:45.586  INFO 11148 --- [Thread-14] c.n.eureka.DefaultEurekaServerContext    : Shutting down ...
2018-05-23 10:49:45.593  INFO 11148 --- [Thread-14] c.n.eureka.DefaultEurekaServerContext    : Shut down
2018-05-23 10:49:45.597  INFO 11148 --- [Thread-14] com.netflix.discovery.DiscoveryClient    : Shutting down DiscoveryClient ...
2018-05-23 10:49:45.597  INFO 11148 --- [Thread-14] com.netflix.discovery.DiscoveryClient    : Completed shut down of DiscoveryClient
2018-05-23 11:01:38.944  INFO 10040 --- [main] com.server.ServerApplicationTests        : No active profile set, falling back to default profiles: default
2018-05-23 11:01:40.107  INFO 10040 --- [main] o.s.cloud.context.scope.GenericScope     : BeanFactory id=6bd77748-23a3-3685-99b3-c9183ca39039
2018-05-23 11:01:40.210  INFO 10040 --- [main] f.a.AutowiredAnnotationBeanPostProcessor : JSR-330 'javax.inject.Inject' annotation found and supported for autowiring
2018-05-23 11:01:40.429  INFO 10040 --- [main] trationDelegate$BeanPostProcessorChecker : Bean 'org.springframework.cloud.autoconfigure.ConfigurationPropertiesRebinderAutoConfiguration' of type [org.springframework.cloud.autoconfigure.ConfigurationPropertiesRebinderAutoConfiguration$$EnhancerBySpringCGLIB$$d6c0801a] is not eligible for getting processed by all BeanPostProcessors (for example: not eligible for auto-proxying)
2018-05-23 11:01:40.734  WARN 10040 --- [main] o.s.c.n.a.ArchaiusAutoConfiguration      : No spring.application.name found, defaulting to 'application'
2018-05-23 11:01:40.740  WARN 10040 --- [main] c.n.c.sources.URLConfigurationSource     : No URLs will be polled as dynamic configuration sources.
2018-05-23 11:01:40.740  INFO 10040 --- [main] c.n.c.sources.URLConfigurationSource     : To enable URLs as dynamic configuration sources, define System property archaius.configurationSource.additionalUrls or make config.properties available on classpath.
2018-05-23 11:01:40.750  WARN 10040 --- [main] c.n.c.sources.URLConfigurationSource     : No URLs will be polled as dynamic configuration sources.
2018-05-23 11:01:40.751  INFO 10040 --- [main] c.n.c.sources.URLConfigurationSource     : To enable URLs as dynamic configuration sources, define System property archaius.configurationSource.additionalUrls or make config.properties available on classpath.
2018-05-23 11:01:43.077  INFO 10040 --- [main] o.s.ui.freemarker.SpringTemplateLoader   : SpringTemplateLoader for FreeMarker: using resource loader [org.springframework.web.context.support.GenericWebApplicationContext@5bf22f18: startup date [Wed May 23 11:01:38 CST 2018]; parent: org.springframework.context.annotation.AnnotationConfigApplicationContext@48c76607] and template loader path [classpath:/templates/]
2018-05-23 11:01:43.683  INFO 10040 --- [main] o.s.c.n.eureka.InstanceInfoFactory       : Setting initial instance status as: STARTING
2018-05-23 11:01:43.728  INFO 10040 --- [main] com.netflix.discovery.DiscoveryClient    : Initializing Eureka in region us-east-1
2018-05-23 11:01:43.730  INFO 10040 --- [main] com.netflix.discovery.DiscoveryClient    : Client configured to neither register nor query for data.
2018-05-23 11:01:43.742  INFO 10040 --- [main] com.netflix.discovery.DiscoveryClient    : Discovery Client initialized at timestamp 1527044503740 with initial instances count: 0
2018-05-23 11:01:43.801  INFO 10040 --- [main] c.n.eureka.DefaultEurekaServerContext    : Initializing ...
2018-05-23 11:01:43.804  INFO 10040 --- [main] c.n.eureka.cluster.PeerEurekaNodes       : Adding new peer nodes [http://localhost:8761/eureka/]
2018-05-23 11:01:43.966  INFO 10040 --- [main] c.n.d.provider.DiscoveryJerseyProvider   : Using JSON encoding codec LegacyJacksonJson
2018-05-23 11:01:43.967  INFO 10040 --- [main] c.n.d.provider.DiscoveryJerseyProvider   : Using JSON decoding codec LegacyJacksonJson
2018-05-23 11:01:43.967  INFO 10040 --- [main] c.n.d.provider.DiscoveryJerseyProvider   : Using XML encoding codec XStreamXml
2018-05-23 11:01:43.967  INFO 10040 --- [main] c.n.d.provider.DiscoveryJerseyProvider   : Using XML decoding codec XStreamXml
2018-05-23 11:01:44.235  INFO 10040 --- [main] c.n.eureka.cluster.PeerEurekaNodes       : Replica node URL:  http://localhost:8761/eureka/
2018-05-23 11:01:44.250  INFO 10040 --- [main] c.n.e.registry.AbstractInstanceRegistry  : Finished initializing remote region registries. All known remote regions: []
2018-05-23 11:01:44.251  INFO 10040 --- [main] c.n.eureka.DefaultEurekaServerContext    : Initialized
2018-05-23 11:01:44.473  INFO 10040 --- [main] o.s.b.a.e.web.EndpointLinksResolver      : Exposing 2 endpoint(s) beneath base path '/actuator'
2018-05-23 11:01:44.488  INFO 10040 --- [main] s.b.a.e.w.s.WebMvcEndpointHandlerMapping : Mapped "{[/actuator/health],methods=[GET],produces=[application/vnd.spring-boot.actuator.v2+json || application/json]}" onto public java.lang.Object org.springframework.boot.actuate.endpoint.web.servlet.AbstractWebMvcEndpointHandlerMapping$OperationHandler.handle(javax.servlet.http.HttpServletRequest,java.util.Map<java.lang.String, java.lang.String>)
2018-05-23 11:01:44.488  INFO 10040 --- [main] s.b.a.e.w.s.WebMvcEndpointHandlerMapping : Mapped "{[/actuator/info],methods=[GET],produces=[application/vnd.spring-boot.actuator.v2+json || application/json]}" onto public java.lang.Object org.springframework.boot.actuate.endpoint.web.servlet.AbstractWebMvcEndpointHandlerMapping$OperationHandler.handle(javax.servlet.http.HttpServletRequest,java.util.Map<java.lang.String, java.lang.String>)
2018-05-23 11:01:44.490  INFO 10040 --- [main] s.b.a.e.w.s.WebMvcEndpointHandlerMapping : Mapped "{[/actuator],methods=[GET],produces=[application/vnd.spring-boot.actuator.v2+json || application/json]}" onto protected java.util.Map<java.lang.String, java.util.Map<java.lang.String, org.springframework.boot.actuate.endpoint.web.Link>> org.springframework.boot.actuate.endpoint.web.servlet.WebMvcEndpointHandlerMapping.links(javax.servlet.http.HttpServletRequest,javax.servlet.http.HttpServletResponse)
2018-05-23 11:01:44.557  INFO 10040 --- [main] o.s.c.support.DefaultLifecycleProcessor  : Starting beans in phase 0
2018-05-23 11:01:44.558  INFO 10040 --- [Thread-13] o.s.c.n.e.server.EurekaServerBootstrap   : Setting the eureka configuration..
2018-05-23 11:01:44.559  INFO 10040 --- [Thread-13] o.s.c.n.e.server.EurekaServerBootstrap   : Eureka data center value eureka.datacenter is not set, defaulting to default
2018-05-23 11:01:44.559  INFO 10040 --- [Thread-13] o.s.c.n.e.server.EurekaServerBootstrap   : Eureka environment value eureka.environment is not set, defaulting to test
2018-05-23 11:01:44.580  INFO 10040 --- [main] com.server.ServerApplicationTests        : Started ServerApplicationTests in 7.203 seconds (JVM running for 8.368)
2018-05-23 11:01:44.590  INFO 10040 --- [Thread-13] o.s.c.n.e.server.EurekaServerBootstrap   : isAws returned false
2018-05-23 11:01:44.591  INFO 10040 --- [Thread-13] o.s.c.n.e.server.EurekaServerBootstrap   : Initialized server context
2018-05-23 11:01:44.591  INFO 10040 --- [Thread-13] c.n.e.r.PeerAwareInstanceRegistryImpl    : Got 1 instances from neighboring DS node
2018-05-23 11:01:44.591  INFO 10040 --- [Thread-13] c.n.e.r.PeerAwareInstanceRegistryImpl    : Renew threshold is: 1
2018-05-23 11:01:44.591  INFO 10040 --- [Thread-13] c.n.e.r.PeerAwareInstanceRegistryImpl    : Changing status to UP
2018-05-23 11:01:44.605  INFO 10040 --- [Thread-13] e.s.EurekaServerInitializerConfiguration : Started Eureka Server
2018-05-23 11:01:44.873  INFO 10040 --- [Thread-14] o.s.c.n.e.s.EurekaServiceRegistry        : Unregistering application unknown with eureka with status DOWN
2018-05-23 11:01:44.875  INFO 10040 --- [Thread-14] o.s.c.support.DefaultLifecycleProcessor  : Stopping beans in phase 0
2018-05-23 11:01:44.876  INFO 10040 --- [Thread-14] c.n.eureka.DefaultEurekaServerContext    : Shutting down ...
2018-05-23 11:01:44.879  INFO 10040 --- [Thread-14] c.n.eureka.DefaultEurekaServerContext    : Shut down
2018-05-23 11:01:44.885  INFO 10040 --- [Thread-14] com.netflix.discovery.DiscoveryClient    : Shutting down DiscoveryClient ...
2018-05-23 11:01:44.888  INFO 10040 --- [Thread-14] com.netflix.discovery.DiscoveryClient    : Completed shut down of DiscoveryClient
2018-05-23 11:10:55.257  INFO 8220 --- [main] com.server.ServerApplicationTests        : No active profile set, falling back to default profiles: default
2018-05-23 11:10:56.438  INFO 8220 --- [main] o.s.cloud.context.scope.GenericScope     : BeanFactory id=6bd77748-23a3-3685-99b3-c9183ca39039
2018-05-23 11:10:56.505  INFO 8220 --- [main] f.a.AutowiredAnnotationBeanPostProcessor : JSR-330 'javax.inject.Inject' annotation found and supported for autowiring
2018-05-23 11:10:56.607  INFO 8220 --- [main] trationDelegate$BeanPostProcessorChecker : Bean 'org.springframework.cloud.autoconfigure.ConfigurationPropertiesRebinderAutoConfiguration' of type [org.springframework.cloud.autoconfigure.ConfigurationPropertiesRebinderAutoConfiguration$$EnhancerBySpringCGLIB$$74286ed3] is not eligible for getting processed by all BeanPostProcessors (for example: not eligible for auto-proxying)
2018-05-23 11:10:57.113  WARN 8220 --- [main] o.s.c.n.a.ArchaiusAutoConfiguration      : No spring.application.name found, defaulting to 'application'
2018-05-23 11:10:57.119  WARN 8220 --- [main] c.n.c.sources.URLConfigurationSource     : No URLs will be polled as dynamic configuration sources.
2018-05-23 11:10:57.119  INFO 8220 --- [main] c.n.c.sources.URLConfigurationSource     : To enable URLs as dynamic configuration sources, define System property archaius.configurationSource.additionalUrls or make config.properties available on classpath.
2018-05-23 11:10:57.131  WARN 8220 --- [main] c.n.c.sources.URLConfigurationSource     : No URLs will be polled as dynamic configuration sources.
2018-05-23 11:10:57.133  INFO 8220 --- [main] c.n.c.sources.URLConfigurationSource     : To enable URLs as dynamic configuration sources, define System property archaius.configurationSource.additionalUrls or make config.properties available on classpath.
2018-05-23 11:10:59.223  INFO 8220 --- [main] o.s.ui.freemarker.SpringTemplateLoader   : SpringTemplateLoader for FreeMarker: using resource loader [org.springframework.web.context.support.GenericWebApplicationContext@741b3bc3: startup date [Wed May 23 11:10:55 CST 2018]; parent: org.springframework.context.annotation.AnnotationConfigApplicationContext@6b6776cb] and template loader path [classpath:/templates/]
2018-05-23 11:10:59.772  INFO 8220 --- [main] o.s.c.n.eureka.InstanceInfoFactory       : Setting initial instance status as: STARTING
2018-05-23 11:10:59.815  INFO 8220 --- [main] com.netflix.discovery.DiscoveryClient    : Initializing Eureka in region us-east-1
2018-05-23 11:10:59.816  INFO 8220 --- [main] com.netflix.discovery.DiscoveryClient    : Client configured to neither register nor query for data.
2018-05-23 11:10:59.828  INFO 8220 --- [main] com.netflix.discovery.DiscoveryClient    : Discovery Client initialized at timestamp 1527045059827 with initial instances count: 0
2018-05-23 11:10:59.882  INFO 8220 --- [main] c.n.eureka.DefaultEurekaServerContext    : Initializing ...
2018-05-23 11:10:59.884  INFO 8220 --- [main] c.n.eureka.cluster.PeerEurekaNodes       : Adding new peer nodes [http://localhost:8761/eureka/]
2018-05-23 11:11:00.044  INFO 8220 --- [main] c.n.d.provider.DiscoveryJerseyProvider   : Using JSON encoding codec LegacyJacksonJson
2018-05-23 11:11:00.044  INFO 8220 --- [main] c.n.d.provider.DiscoveryJerseyProvider   : Using JSON decoding codec LegacyJacksonJson
2018-05-23 11:11:00.044  INFO 8220 --- [main] c.n.d.provider.DiscoveryJerseyProvider   : Using XML encoding codec XStreamXml
2018-05-23 11:11:00.044  INFO 8220 --- [main] c.n.d.provider.DiscoveryJerseyProvider   : Using XML decoding codec XStreamXml
2018-05-23 11:11:00.258  INFO 8220 --- [main] c.n.eureka.cluster.PeerEurekaNodes       : Replica node URL:  http://localhost:8761/eureka/
2018-05-23 11:11:00.269  INFO 8220 --- [main] c.n.e.registry.AbstractInstanceRegistry  : Finished initializing remote region registries. All known remote regions: []
2018-05-23 11:11:00.270  INFO 8220 --- [main] c.n.eureka.DefaultEurekaServerContext    : Initialized
2018-05-23 11:11:00.452  INFO 8220 --- [main] o.s.b.a.e.web.EndpointLinksResolver      : Exposing 2 endpoint(s) beneath base path '/actuator'
2018-05-23 11:11:00.509  INFO 8220 --- [main] s.b.a.e.w.s.WebMvcEndpointHandlerMapping : Mapped "{[/actuator/health],methods=[GET],produces=[application/vnd.spring-boot.actuator.v2+json || application/json]}" onto public java.lang.Object org.springframework.boot.actuate.endpoint.web.servlet.AbstractWebMvcEndpointHandlerMapping$OperationHandler.handle(javax.servlet.http.HttpServletRequest,java.util.Map<java.lang.String, java.lang.String>)
2018-05-23 11:11:00.511  INFO 8220 --- [main] s.b.a.e.w.s.WebMvcEndpointHandlerMapping : Mapped "{[/actuator/info],methods=[GET],produces=[application/vnd.spring-boot.actuator.v2+json || application/json]}" onto public java.lang.Object org.springframework.boot.actuate.endpoint.web.servlet.AbstractWebMvcEndpointHandlerMapping$OperationHandler.handle(javax.servlet.http.HttpServletRequest,java.util.Map<java.lang.String, java.lang.String>)
2018-05-23 11:11:00.511  INFO 8220 --- [main] s.b.a.e.w.s.WebMvcEndpointHandlerMapping : Mapped "{[/actuator],methods=[GET],produces=[application/vnd.spring-boot.actuator.v2+json || application/json]}" onto protected java.util.Map<java.lang.String, java.util.Map<java.lang.String, org.springframework.boot.actuate.endpoint.web.Link>> org.springframework.boot.actuate.endpoint.web.servlet.WebMvcEndpointHandlerMapping.links(javax.servlet.http.HttpServletRequest,javax.servlet.http.HttpServletResponse)
2018-05-23 11:11:00.585  INFO 8220 --- [main] o.s.c.support.DefaultLifecycleProcessor  : Starting beans in phase 0
2018-05-23 11:11:00.700  INFO 8220 --- [main] com.server.ServerApplicationTests        : Started ServerApplicationTests in 6.979 seconds (JVM running for 7.942)
2018-05-23 11:11:00.819  INFO 8220 --- [Thread-11] o.s.c.n.e.server.EurekaServerBootstrap   : Setting the eureka configuration..
2018-05-23 11:11:00.820  INFO 8220 --- [Thread-11] o.s.c.n.e.server.EurekaServerBootstrap   : Eureka data center value eureka.datacenter is not set, defaulting to default
2018-05-23 11:11:00.820  INFO 8220 --- [Thread-11] o.s.c.n.e.server.EurekaServerBootstrap   : Eureka environment value eureka.environment is not set, defaulting to test
2018-05-23 11:11:00.850  INFO 8220 --- [Thread-11] o.s.c.n.e.server.EurekaServerBootstrap   : isAws returned false
2018-05-23 11:11:00.851  INFO 8220 --- [Thread-11] o.s.c.n.e.server.EurekaServerBootstrap   : Initialized server context
2018-05-23 11:11:00.851  INFO 8220 --- [Thread-11] c.n.e.r.PeerAwareInstanceRegistryImpl    : Got 1 instances from neighboring DS node
2018-05-23 11:11:00.851  INFO 8220 --- [Thread-11] c.n.e.r.PeerAwareInstanceRegistryImpl    : Renew threshold is: 1
2018-05-23 11:11:00.851  INFO 8220 --- [Thread-11] c.n.e.r.PeerAwareInstanceRegistryImpl    : Changing status to UP
2018-05-23 11:11:00.869  INFO 8220 --- [Thread-11] e.s.EurekaServerInitializerConfiguration : Started Eureka Server
2018-05-23 11:11:00.922  INFO 8220 --- [Thread-12] o.s.c.n.e.s.EurekaServiceRegistry        : Unregistering application unknown with eureka with status DOWN
2018-05-23 11:11:00.925  INFO 8220 --- [Thread-12] o.s.c.support.DefaultLifecycleProcessor  : Stopping beans in phase 0
2018-05-23 11:11:00.926  INFO 8220 --- [Thread-12] c.n.eureka.DefaultEurekaServerContext    : Shutting down ...
2018-05-23 11:11:00.930  INFO 8220 --- [Thread-12] c.n.eureka.DefaultEurekaServerContext    : Shut down
2018-05-23 11:11:00.932  INFO 8220 --- [Thread-12] com.netflix.discovery.DiscoveryClient    : Shutting down DiscoveryClient ...
2018-05-23 11:11:00.934  INFO 8220 --- [Thread-12] com.netflix.discovery.DiscoveryClient    : Completed shut down of DiscoveryClient
2018-05-23 11:20:15.745  INFO 11408 --- [main] com.server.ServerApplicationTests        : No active profile set, falling back to default profiles: default
2018-05-23 11:20:17.031  INFO 11408 --- [main] o.s.cloud.context.scope.GenericScope     : BeanFactory id=6bd77748-23a3-3685-99b3-c9183ca39039
2018-05-23 11:20:17.114  INFO 11408 --- [main] f.a.AutowiredAnnotationBeanPostProcessor : JSR-330 'javax.inject.Inject' annotation found and supported for autowiring
2018-05-23 11:20:17.329  INFO 11408 --- [main] trationDelegate$BeanPostProcessorChecker : Bean 'org.springframework.cloud.autoconfigure.ConfigurationPropertiesRebinderAutoConfiguration' of type [org.springframework.cloud.autoconfigure.ConfigurationPropertiesRebinderAutoConfiguration$$EnhancerBySpringCGLIB$$250f39af] is not eligible for getting processed by all BeanPostProcessors (for example: not eligible for auto-proxying)
2018-05-23 11:20:17.677  WARN 11408 --- [main] o.s.c.n.a.ArchaiusAutoConfiguration      : No spring.application.name found, defaulting to 'application'
2018-05-23 11:20:17.683  WARN 11408 --- [main] c.n.c.sources.URLConfigurationSource     : No URLs will be polled as dynamic configuration sources.
2018-05-23 11:20:17.684  INFO 11408 --- [main] c.n.c.sources.URLConfigurationSource     : To enable URLs as dynamic configuration sources, define System property archaius.configurationSource.additionalUrls or make config.properties available on classpath.
2018-05-23 11:20:17.692  WARN 11408 --- [main] c.n.c.sources.URLConfigurationSource     : No URLs will be polled as dynamic configuration sources.
2018-05-23 11:20:17.692  INFO 11408 --- [main] c.n.c.sources.URLConfigurationSource     : To enable URLs as dynamic configuration sources, define System property archaius.configurationSource.additionalUrls or make config.properties available on classpath.
2018-05-23 11:20:19.799  INFO 11408 --- [main] o.s.ui.freemarker.SpringTemplateLoader   : SpringTemplateLoader for FreeMarker: using resource loader [org.springframework.web.context.support.GenericWebApplicationContext@63648ee9: startup date [Wed May 23 11:20:15 CST 2018]; parent: org.springframework.context.annotation.AnnotationConfigApplicationContext@43599640] and template loader path [classpath:/templates/]
2018-05-23 11:20:20.350  INFO 11408 --- [main] o.s.c.n.eureka.InstanceInfoFactory       : Setting initial instance status as: STARTING
2018-05-23 11:20:20.395  INFO 11408 --- [main] com.netflix.discovery.DiscoveryClient    : Initializing Eureka in region us-east-1
2018-05-23 11:20:20.397  INFO 11408 --- [main] com.netflix.discovery.DiscoveryClient    : Client configured to neither register nor query for data.
2018-05-23 11:20:20.409  INFO 11408 --- [main] com.netflix.discovery.DiscoveryClient    : Discovery Client initialized at timestamp 1527045620408 with initial instances count: 0
2018-05-23 11:20:20.467  INFO 11408 --- [main] c.n.eureka.DefaultEurekaServerContext    : Initializing ...
2018-05-23 11:20:20.469  INFO 11408 --- [main] c.n.eureka.cluster.PeerEurekaNodes       : Adding new peer nodes [http://localhost:-1/eureka/]
2018-05-23 11:20:20.624  INFO 11408 --- [main] c.n.d.provider.DiscoveryJerseyProvider   : Using JSON encoding codec LegacyJacksonJson
2018-05-23 11:20:20.625  INFO 11408 --- [main] c.n.d.provider.DiscoveryJerseyProvider   : Using JSON decoding codec LegacyJacksonJson
2018-05-23 11:20:20.625  INFO 11408 --- [main] c.n.d.provider.DiscoveryJerseyProvider   : Using XML encoding codec XStreamXml
2018-05-23 11:20:20.625  INFO 11408 --- [main] c.n.d.provider.DiscoveryJerseyProvider   : Using XML decoding codec XStreamXml
2018-05-23 11:20:20.817  INFO 11408 --- [main] c.n.eureka.cluster.PeerEurekaNodes       : Replica node URL:  http://localhost:-1/eureka/
2018-05-23 11:20:20.828  INFO 11408 --- [main] c.n.e.registry.AbstractInstanceRegistry  : Finished initializing remote region registries. All known remote regions: []
2018-05-23 11:20:20.831  INFO 11408 --- [main] c.n.eureka.DefaultEurekaServerContext    : Initialized
2018-05-23 11:20:21.015  INFO 11408 --- [main] o.s.b.a.e.web.EndpointLinksResolver      : Exposing 2 endpoint(s) beneath base path '/actuator'
2018-05-23 11:20:21.028  INFO 11408 --- [main] s.b.a.e.w.s.WebMvcEndpointHandlerMapping : Mapped "{[/actuator/health],methods=[GET],produces=[application/vnd.spring-boot.actuator.v2+json || application/json]}" onto public java.lang.Object org.springframework.boot.actuate.endpoint.web.servlet.AbstractWebMvcEndpointHandlerMapping$OperationHandler.handle(javax.servlet.http.HttpServletRequest,java.util.Map<java.lang.String, java.lang.String>)
2018-05-23 11:20:21.029  INFO 11408 --- [main] s.b.a.e.w.s.WebMvcEndpointHandlerMapping : Mapped "{[/actuator/info],methods=[GET],produces=[application/vnd.spring-boot.actuator.v2+json || application/json]}" onto public java.lang.Object org.springframework.boot.actuate.endpoint.web.servlet.AbstractWebMvcEndpointHandlerMapping$OperationHandler.handle(javax.servlet.http.HttpServletRequest,java.util.Map<java.lang.String, java.lang.String>)
2018-05-23 11:20:21.030  INFO 11408 --- [main] s.b.a.e.w.s.WebMvcEndpointHandlerMapping : Mapped "{[/actuator],methods=[GET],produces=[application/vnd.spring-boot.actuator.v2+json || application/json]}" onto protected java.util.Map<java.lang.String, java.util.Map<java.lang.String, org.springframework.boot.actuate.endpoint.web.Link>> org.springframework.boot.actuate.endpoint.web.servlet.WebMvcEndpointHandlerMapping.links(javax.servlet.http.HttpServletRequest,javax.servlet.http.HttpServletResponse)
2018-05-23 11:20:21.108  INFO 11408 --- [main] o.s.c.support.DefaultLifecycleProcessor  : Starting beans in phase 0
2018-05-23 11:20:21.110  INFO 11408 --- [Thread-13] o.s.c.n.e.server.EurekaServerBootstrap   : Setting the eureka configuration..
2018-05-23 11:20:21.110  INFO 11408 --- [Thread-13] o.s.c.n.e.server.EurekaServerBootstrap   : Eureka data center value eureka.datacenter is not set, defaulting to default
2018-05-23 11:20:21.111  INFO 11408 --- [Thread-13] o.s.c.n.e.server.EurekaServerBootstrap   : Eureka environment value eureka.environment is not set, defaulting to test
2018-05-23 11:20:21.130  INFO 11408 --- [main] com.server.ServerApplicationTests        : Started ServerApplicationTests in 6.949 seconds (JVM running for 7.931)
2018-05-23 11:20:21.143  INFO 11408 --- [Thread-13] o.s.c.n.e.server.EurekaServerBootstrap   : isAws returned false
2018-05-23 11:20:21.144  INFO 11408 --- [Thread-13] o.s.c.n.e.server.EurekaServerBootstrap   : Initialized server context
2018-05-23 11:20:21.144  INFO 11408 --- [Thread-13] c.n.e.r.PeerAwareInstanceRegistryImpl    : Got 1 instances from neighboring DS node
2018-05-23 11:20:21.144  INFO 11408 --- [Thread-13] c.n.e.r.PeerAwareInstanceRegistryImpl    : Renew threshold is: 1
2018-05-23 11:20:21.145  INFO 11408 --- [Thread-13] c.n.e.r.PeerAwareInstanceRegistryImpl    : Changing status to UP
2018-05-23 11:20:21.156  INFO 11408 --- [Thread-13] e.s.EurekaServerInitializerConfiguration : Started Eureka Server
2018-05-23 11:20:21.314  INFO 11408 --- [Thread-14] o.s.c.n.e.s.EurekaServiceRegistry        : Unregistering application unknown with eureka with status DOWN
2018-05-23 11:20:21.316  INFO 11408 --- [Thread-14] o.s.c.support.DefaultLifecycleProcessor  : Stopping beans in phase 0
2018-05-23 11:20:21.318  INFO 11408 --- [Thread-14] c.n.eureka.DefaultEurekaServerContext    : Shutting down ...
2018-05-23 11:20:21.322  INFO 11408 --- [Thread-14] c.n.eureka.DefaultEurekaServerContext    : Shut down
2018-05-23 11:20:21.331  INFO 11408 --- [Thread-14] com.netflix.discovery.DiscoveryClient    : Shutting down DiscoveryClient ...
2018-05-23 11:20:21.331  INFO 11408 --- [Thread-14] com.netflix.discovery.DiscoveryClient    : Completed shut down of DiscoveryClient
2018-05-23 13:21:21.334  INFO 11832 --- [main] com.server.ServerApplicationTests        : No active profile set, falling back to default profiles: default
2018-05-23 13:21:22.674  INFO 11832 --- [main] o.s.cloud.context.scope.GenericScope     : BeanFactory id=6bd77748-23a3-3685-99b3-c9183ca39039
2018-05-23 13:21:22.791  INFO 11832 --- [main] f.a.AutowiredAnnotationBeanPostProcessor : JSR-330 'javax.inject.Inject' annotation found and supported for autowiring
2018-05-23 13:21:23.083  INFO 11832 --- [main] trationDelegate$BeanPostProcessorChecker : Bean 'org.springframework.cloud.autoconfigure.ConfigurationPropertiesRebinderAutoConfiguration' of type [org.springframework.cloud.autoconfigure.ConfigurationPropertiesRebinderAutoConfiguration$$EnhancerBySpringCGLIB$$250f39af] is not eligible for getting processed by all BeanPostProcessors (for example: not eligible for auto-proxying)
2018-05-23 13:21:23.424  WARN 11832 --- [main] o.s.c.n.a.ArchaiusAutoConfiguration      : No spring.application.name found, defaulting to 'application'
2018-05-23 13:21:23.429  WARN 11832 --- [main] c.n.c.sources.URLConfigurationSource     : No URLs will be polled as dynamic configuration sources.
2018-05-23 13:21:23.429  INFO 11832 --- [main] c.n.c.sources.URLConfigurationSource     : To enable URLs as dynamic configuration sources, define System property archaius.configurationSource.additionalUrls or make config.properties available on classpath.
2018-05-23 13:21:23.437  WARN 11832 --- [main] c.n.c.sources.URLConfigurationSource     : No URLs will be polled as dynamic configuration sources.
2018-05-23 13:21:23.437  INFO 11832 --- [main] c.n.c.sources.URLConfigurationSource     : To enable URLs as dynamic configuration sources, define System property archaius.configurationSource.additionalUrls or make config.properties available on classpath.
2018-05-23 13:21:25.766  INFO 11832 --- [main] o.s.ui.freemarker.SpringTemplateLoader   : SpringTemplateLoader for FreeMarker: using resource loader [org.springframework.web.context.support.GenericWebApplicationContext@63648ee9: startup date [Wed May 23 13:21:21 CST 2018]; parent: org.springframework.context.annotation.AnnotationConfigApplicationContext@43599640] and template loader path [classpath:/templates/]
2018-05-23 13:21:26.402  INFO 11832 --- [main] o.s.c.n.eureka.InstanceInfoFactory       : Setting initial instance status as: STARTING
2018-05-23 13:21:26.442  INFO 11832 --- [main] com.netflix.discovery.DiscoveryClient    : Initializing Eureka in region us-east-1
2018-05-23 13:21:26.444  INFO 11832 --- [main] com.netflix.discovery.DiscoveryClient    : Client configured to neither register nor query for data.
2018-05-23 13:21:26.455  INFO 11832 --- [main] com.netflix.discovery.DiscoveryClient    : Discovery Client initialized at timestamp 1527052886453 with initial instances count: 0
2018-05-23 13:21:26.514  INFO 11832 --- [main] c.n.eureka.DefaultEurekaServerContext    : Initializing ...
2018-05-23 13:21:26.517  INFO 11832 --- [main] c.n.eureka.cluster.PeerEurekaNodes       : Adding new peer nodes [http://localhost:-1/eureka/]
2018-05-23 13:21:26.677  INFO 11832 --- [main] c.n.d.provider.DiscoveryJerseyProvider   : Using JSON encoding codec LegacyJacksonJson
2018-05-23 13:21:26.678  INFO 11832 --- [main] c.n.d.provider.DiscoveryJerseyProvider   : Using JSON decoding codec LegacyJacksonJson
2018-05-23 13:21:26.678  INFO 11832 --- [main] c.n.d.provider.DiscoveryJerseyProvider   : Using XML encoding codec XStreamXml
2018-05-23 13:21:26.678  INFO 11832 --- [main] c.n.d.provider.DiscoveryJerseyProvider   : Using XML decoding codec XStreamXml
2018-05-23 13:21:27.063  INFO 11832 --- [main] c.n.eureka.cluster.PeerEurekaNodes       : Replica node URL:  http://localhost:-1/eureka/
2018-05-23 13:21:27.080  INFO 11832 --- [main] c.n.e.registry.AbstractInstanceRegistry  : Finished initializing remote region registries. All known remote regions: []
2018-05-23 13:21:27.081  INFO 11832 --- [main] c.n.eureka.DefaultEurekaServerContext    : Initialized
2018-05-23 13:21:27.305  INFO 11832 --- [main] o.s.b.a.e.web.EndpointLinksResolver      : Exposing 2 endpoint(s) beneath base path '/actuator'
2018-05-23 13:21:27.324  INFO 11832 --- [main] s.b.a.e.w.s.WebMvcEndpointHandlerMapping : Mapped "{[/actuator/health],methods=[GET],produces=[application/vnd.spring-boot.actuator.v2+json || application/json]}" onto public java.lang.Object org.springframework.boot.actuate.endpoint.web.servlet.AbstractWebMvcEndpointHandlerMapping$OperationHandler.handle(javax.servlet.http.HttpServletRequest,java.util.Map<java.lang.String, java.lang.String>)
2018-05-23 13:21:27.325  INFO 11832 --- [main] s.b.a.e.w.s.WebMvcEndpointHandlerMapping : Mapped "{[/actuator/info],methods=[GET],produces=[application/vnd.spring-boot.actuator.v2+json || application/json]}" onto public java.lang.Object org.springframework.boot.actuate.endpoint.web.servlet.AbstractWebMvcEndpointHandlerMapping$OperationHandler.handle(javax.servlet.http.HttpServletRequest,java.util.Map<java.lang.String, java.lang.String>)
2018-05-23 13:21:27.327  INFO 11832 --- [main] s.b.a.e.w.s.WebMvcEndpointHandlerMapping : Mapped "{[/actuator],methods=[GET],produces=[application/vnd.spring-boot.actuator.v2+json || application/json]}" onto protected java.util.Map<java.lang.String, java.util.Map<java.lang.String, org.springframework.boot.actuate.endpoint.web.Link>> org.springframework.boot.actuate.endpoint.web.servlet.WebMvcEndpointHandlerMapping.links(javax.servlet.http.HttpServletRequest,javax.servlet.http.HttpServletResponse)
2018-05-23 13:21:27.399  INFO 11832 --- [main] o.s.c.support.DefaultLifecycleProcessor  : Starting beans in phase 0
2018-05-23 13:21:27.401  INFO 11832 --- [Thread-13] o.s.c.n.e.server.EurekaServerBootstrap   : Setting the eureka configuration..
2018-05-23 13:21:27.401  INFO 11832 --- [Thread-13] o.s.c.n.e.server.EurekaServerBootstrap   : Eureka data center value eureka.datacenter is not set, defaulting to default
2018-05-23 13:21:27.402  INFO 11832 --- [Thread-13] o.s.c.n.e.server.EurekaServerBootstrap   : Eureka environment value eureka.environment is not set, defaulting to test
2018-05-23 13:21:27.426  INFO 11832 --- [main] com.server.ServerApplicationTests        : Started ServerApplicationTests in 7.741 seconds (JVM running for 8.826)
2018-05-23 13:21:27.430  INFO 11832 --- [Thread-13] o.s.c.n.e.server.EurekaServerBootstrap   : isAws returned false
2018-05-23 13:21:27.434  INFO 11832 --- [Thread-13] o.s.c.n.e.server.EurekaServerBootstrap   : Initialized server context
2018-05-23 13:21:27.436  INFO 11832 --- [Thread-13] c.n.e.r.PeerAwareInstanceRegistryImpl    : Got 1 instances from neighboring DS node
2018-05-23 13:21:27.436  INFO 11832 --- [Thread-13] c.n.e.r.PeerAwareInstanceRegistryImpl    : Renew threshold is: 1
2018-05-23 13:21:27.436  INFO 11832 --- [Thread-13] c.n.e.r.PeerAwareInstanceRegistryImpl    : Changing status to UP
2018-05-23 13:21:27.444  INFO 11832 --- [Thread-13] e.s.EurekaServerInitializerConfiguration : Started Eureka Server
2018-05-23 13:21:27.801  INFO 11832 --- [Thread-14] o.s.c.n.e.s.EurekaServiceRegistry        : Unregistering application unknown with eureka with status DOWN
2018-05-23 13:21:27.804  INFO 11832 --- [Thread-14] o.s.c.support.DefaultLifecycleProcessor  : Stopping beans in phase 0
2018-05-23 13:21:27.805  INFO 11832 --- [Thread-14] c.n.eureka.DefaultEurekaServerContext    : Shutting down ...
2018-05-23 13:21:27.810  INFO 11832 --- [Thread-14] c.n.eureka.DefaultEurekaServerContext    : Shut down
2018-05-23 13:21:27.823  INFO 11832 --- [Thread-14] com.netflix.discovery.DiscoveryClient    : Shutting down DiscoveryClient ...
2018-05-23 13:21:27.824  INFO 11832 --- [Thread-14] com.netflix.discovery.DiscoveryClient    : Completed shut down of DiscoveryClient
