2018-05-23 14:05:01.605  INFO 6780 --- [main] com.server.ServerApplication             : No active profile set, falling back to default profiles: default
2018-05-23 14:05:01.617  INFO 6780 --- [main] ConfigServletWebServerApplicationContext : Refreshing org.springframework.boot.web.servlet.context.AnnotationConfigServletWebServerApplicationContext@50b8ae8d: startup date [Wed May 23 14:05:01 CST 2018]; parent: org.springframework.context.annotation.AnnotationConfigApplicationContext@48d61b48
2018-05-23 14:05:02.456  INFO 6780 --- [main] o.s.cloud.context.scope.GenericScope     : BeanFactory id=fa9411d6-8e19-33d4-8b66-279203374ba3
2018-05-23 14:05:02.480  INFO 6780 --- [main] f.a.AutowiredAnnotationBeanPostProcessor : JSR-330 'javax.inject.Inject' annotation found and supported for autowiring
2018-05-23 14:05:02.597  INFO 6780 --- [main] trationDelegate$BeanPostProcessorChecker : Bean 'org.springframework.cloud.autoconfigure.ConfigurationPropertiesRebinderAutoConfiguration' of type [org.springframework.cloud.autoconfigure.ConfigurationPropertiesRebinderAutoConfiguration$$EnhancerBySpringCGLIB$$83db96db] is not eligible for getting processed by all BeanPostProcessors (for example: not eligible for auto-proxying)
2018-05-23 14:05:02.814  INFO 6780 --- [main] o.s.b.w.embedded.tomcat.TomcatWebServer  : Tomcat initialized with port(s): 8081 (http)
2018-05-23 14:05:02.832  INFO 6780 --- [main] o.apache.catalina.core.StandardService   : Starting service [Tomcat]
2018-05-23 14:05:02.833  INFO 6780 --- [main] org.apache.catalina.core.StandardEngine  : Starting Servlet Engine: Apache Tomcat/8.5.31
2018-05-23 14:05:02.837  INFO 6780 --- [localhost-startStop-1] o.a.catalina.core.AprLifecycleListener   : The APR based Apache Tomcat Native library which allows optimal performance in production environments was not found on the java.library.path: [E:\WorkSoftare\Java\jdk1.8.0_92\bin;C:\Windows\Sun\Java\bin;C:\Windows\system32;C:\Windows;E:\WorkSoftare\Oracle\product\11.2.0\dbhome_1\bin;E:\WorkSoftare\Python36\Scripts\;E:\WorkSoftare\Python36\;C:\Windows\system32;C:\Windows;C:\Windows\System32\Wbem;C:\Windows\System32\WindowsPowerShell\v1.0\;C:\Program Files (x86)\NVIDIA Corporation\PhysX\Common;C:\Program Files (x86)\MySQL\MySQL Fabric 1.5 & MySQL Utilities 1.5\;C:\Program Files (x86)\MySQL\MySQL Fabric 1.5 & MySQL Utilities 1.5\Doctrine extensions for PHP\;E:\WorkSoftare\Java\jdk1.8.0_92\bin;E:\WorkSoftare\Java\jdk1.8.0_92\jre\bin;E:\WorkSoftare\apache-maven-3.2.3\bin;E:\WorkSoftare\Python36;E:\WorkSoftare\Git\usr\bin;%JAVA_HOME8%\bin;%JAVA_HOME8%\jre\bin;E:\WorkSoftare\Tesseract-OCR;;.]
2018-05-23 14:05:03.029  INFO 6780 --- [localhost-startStop-1] o.a.c.c.C.[Tomcat].[localhost].[/]       : Initializing Spring embedded WebApplicationContext
2018-05-23 14:05:04.482  INFO 6780 --- [localhost-startStop-1] o.s.b.w.servlet.FilterRegistrationBean   : Mapping filter: 'characterEncodingFilter' to: [/*]
2018-05-23 14:05:04.483  INFO 6780 --- [localhost-startStop-1] o.s.b.w.servlet.FilterRegistrationBean   : Mapping filter: 'hiddenHttpMethodFilter' to: [/*]
2018-05-23 14:05:04.483  INFO 6780 --- [localhost-startStop-1] o.s.b.w.servlet.FilterRegistrationBean   : Mapping filter: 'httpPutFormContentFilter' to: [/*]
2018-05-23 14:05:04.483  INFO 6780 --- [localhost-startStop-1] o.s.b.w.servlet.FilterRegistrationBean   : Mapping filter: 'requestContextFilter' to: [/*]
2018-05-23 14:05:04.483  INFO 6780 --- [localhost-startStop-1] o.s.b.w.servlet.FilterRegistrationBean   : Mapping filter: 'httpTraceFilter' to: [/*]
2018-05-23 14:05:04.483  INFO 6780 --- [localhost-startStop-1] o.s.b.w.servlet.FilterRegistrationBean   : Mapping filter: 'webMvcMetricsFilter' to: [/*]
2018-05-23 14:05:04.483  INFO 6780 --- [localhost-startStop-1] o.s.b.w.servlet.FilterRegistrationBean   : Mapping filter: 'servletContainer' to urls: [/eureka/*]
2018-05-23 14:05:04.484  INFO 6780 --- [localhost-startStop-1] o.s.b.w.servlet.ServletRegistrationBean  : Servlet dispatcherServlet mapped to [/]
2018-05-23 14:05:04.546  INFO 6780 --- [localhost-startStop-1] c.s.j.s.i.a.WebApplicationImpl           : Initiating Jersey application, version 'Jersey: 1.19.1 03/11/2016 02:08 PM'
2018-05-23 14:05:04.613  INFO 6780 --- [localhost-startStop-1] c.n.d.provider.DiscoveryJerseyProvider   : Using JSON encoding codec LegacyJacksonJson
2018-05-23 14:05:04.614  INFO 6780 --- [localhost-startStop-1] c.n.d.provider.DiscoveryJerseyProvider   : Using JSON decoding codec LegacyJacksonJson
2018-05-23 14:05:04.735  INFO 6780 --- [localhost-startStop-1] c.n.d.provider.DiscoveryJerseyProvider   : Using XML encoding codec XStreamXml
2018-05-23 14:05:04.735  INFO 6780 --- [localhost-startStop-1] c.n.d.provider.DiscoveryJerseyProvider   : Using XML decoding codec XStreamXml
2018-05-23 14:05:05.054  WARN 6780 --- [main] o.s.c.n.a.ArchaiusAutoConfiguration      : No spring.application.name found, defaulting to 'application'
2018-05-23 14:05:05.057  WARN 6780 --- [main] c.n.c.sources.URLConfigurationSource     : No URLs will be polled as dynamic configuration sources.
2018-05-23 14:05:05.057  INFO 6780 --- [main] c.n.c.sources.URLConfigurationSource     : To enable URLs as dynamic configuration sources, define System property archaius.configurationSource.additionalUrls or make config.properties available on classpath.
2018-05-23 14:05:05.061  WARN 6780 --- [main] c.n.c.sources.URLConfigurationSource     : No URLs will be polled as dynamic configuration sources.
2018-05-23 14:05:05.061  INFO 6780 --- [main] c.n.c.sources.URLConfigurationSource     : To enable URLs as dynamic configuration sources, define System property archaius.configurationSource.additionalUrls or make config.properties available on classpath.
2018-05-23 14:05:05.787  INFO 6780 --- [main] o.s.ui.freemarker.SpringTemplateLoader   : SpringTemplateLoader for FreeMarker: using resource loader [org.springframework.boot.web.servlet.context.AnnotationConfigServletWebServerApplicationContext@50b8ae8d: startup date [Wed May 23 14:05:01 CST 2018]; parent: org.springframework.context.annotation.AnnotationConfigApplicationContext@48d61b48] and template loader path [classpath:/templates/]
2018-05-23 14:05:05.977  INFO 6780 --- [main] o.s.c.n.eureka.InstanceInfoFactory       : Setting initial instance status as: STARTING
2018-05-23 14:05:06.007  INFO 6780 --- [main] com.netflix.discovery.DiscoveryClient    : Initializing Eureka in region us-east-1
2018-05-23 14:05:06.007  INFO 6780 --- [main] com.netflix.discovery.DiscoveryClient    : Client configured to neither register nor query for data.
2018-05-23 14:05:06.012  INFO 6780 --- [main] com.netflix.discovery.DiscoveryClient    : Discovery Client initialized at timestamp 1527055506011 with initial instances count: 0
2018-05-23 14:05:06.051  INFO 6780 --- [main] c.n.eureka.DefaultEurekaServerContext    : Initializing ...
2018-05-23 14:05:06.053  WARN 6780 --- [main] c.n.eureka.cluster.PeerEurekaNodes       : The replica size seems to be empty. Check the route 53 DNS Registry
2018-05-23 14:05:06.067  INFO 6780 --- [main] c.n.e.registry.AbstractInstanceRegistry  : Finished initializing remote region registries. All known remote regions: []
2018-05-23 14:05:06.067  INFO 6780 --- [main] c.n.eureka.DefaultEurekaServerContext    : Initialized
2018-05-23 14:05:06.083  INFO 6780 --- [main] o.s.b.a.e.web.EndpointLinksResolver      : Exposing 2 endpoint(s) beneath base path '/actuator'
2018-05-23 14:05:06.095  INFO 6780 --- [main] s.b.a.e.w.s.WebMvcEndpointHandlerMapping : Mapped "{[/actuator/health],methods=[GET],produces=[application/vnd.spring-boot.actuator.v2+json || application/json]}" onto public java.lang.Object org.springframework.boot.actuate.endpoint.web.servlet.AbstractWebMvcEndpointHandlerMapping$OperationHandler.handle(javax.servlet.http.HttpServletRequest,java.util.Map<java.lang.String, java.lang.String>)
2018-05-23 14:05:06.095  INFO 6780 --- [main] s.b.a.e.w.s.WebMvcEndpointHandlerMapping : Mapped "{[/actuator/info],methods=[GET],produces=[application/vnd.spring-boot.actuator.v2+json || application/json]}" onto public java.lang.Object org.springframework.boot.actuate.endpoint.web.servlet.AbstractWebMvcEndpointHandlerMapping$OperationHandler.handle(javax.servlet.http.HttpServletRequest,java.util.Map<java.lang.String, java.lang.String>)
2018-05-23 14:05:06.096  INFO 6780 --- [main] s.b.a.e.w.s.WebMvcEndpointHandlerMapping : Mapped "{[/actuator],methods=[GET],produces=[application/vnd.spring-boot.actuator.v2+json || application/json]}" onto protected java.util.Map<java.lang.String, java.util.Map<java.lang.String, org.springframework.boot.actuate.endpoint.web.Link>> org.springframework.boot.actuate.endpoint.web.servlet.WebMvcEndpointHandlerMapping.links(javax.servlet.http.HttpServletRequest,javax.servlet.http.HttpServletResponse)
2018-05-23 14:05:06.148  INFO 6780 --- [main] o.s.j.e.a.AnnotationMBeanExporter        : Registering beans for JMX exposure on startup
2018-05-23 14:05:06.156  INFO 6780 --- [main] o.s.j.e.a.AnnotationMBeanExporter        : Bean with name 'environmentManager' has been autodetected for JMX exposure
2018-05-23 14:05:06.158  INFO 6780 --- [main] o.s.j.e.a.AnnotationMBeanExporter        : Bean with name 'configurationPropertiesRebinder' has been autodetected for JMX exposure
2018-05-23 14:05:06.158  INFO 6780 --- [main] o.s.j.e.a.AnnotationMBeanExporter        : Bean with name 'refreshScope' has been autodetected for JMX exposure
2018-05-23 14:05:06.161  INFO 6780 --- [main] o.s.j.e.a.AnnotationMBeanExporter        : Located managed bean 'environmentManager': registering with JMX server as MBean [org.springframework.cloud.context.environment:name=environmentManager,type=EnvironmentManager]
2018-05-23 14:05:06.169  INFO 6780 --- [main] o.s.j.e.a.AnnotationMBeanExporter        : Located managed bean 'refreshScope': registering with JMX server as MBean [org.springframework.cloud.context.scope.refresh:name=refreshScope,type=RefreshScope]
2018-05-23 14:05:06.180  INFO 6780 --- [main] o.s.j.e.a.AnnotationMBeanExporter        : Located managed bean 'configurationPropertiesRebinder': registering with JMX server as MBean [org.springframework.cloud.context.properties:name=configurationPropertiesRebinder,context=50b8ae8d,type=ConfigurationPropertiesRebinder]
2018-05-23 14:05:06.189  INFO 6780 --- [main] o.s.c.support.DefaultLifecycleProcessor  : Starting beans in phase 0
2018-05-23 14:05:06.189  INFO 6780 --- [main] o.s.c.n.e.s.EurekaServiceRegistry        : Registering application unknown with eureka with status UP
2018-05-23 14:05:06.192  INFO 6780 --- [Thread-25] o.s.c.n.e.server.EurekaServerBootstrap   : Setting the eureka configuration..
2018-05-23 14:05:06.192  INFO 6780 --- [Thread-25] o.s.c.n.e.server.EurekaServerBootstrap   : Eureka data center value eureka.datacenter is not set, defaulting to default
2018-05-23 14:05:06.193  INFO 6780 --- [Thread-25] o.s.c.n.e.server.EurekaServerBootstrap   : Eureka environment value eureka.environment is not set, defaulting to test
2018-05-23 14:05:06.207  INFO 6780 --- [Thread-25] o.s.c.n.e.server.EurekaServerBootstrap   : isAws returned false
2018-05-23 14:05:06.209  INFO 6780 --- [Thread-25] o.s.c.n.e.server.EurekaServerBootstrap   : Initialized server context
2018-05-23 14:05:06.209  INFO 6780 --- [Thread-25] c.n.e.r.PeerAwareInstanceRegistryImpl    : Got 1 instances from neighboring DS node
2018-05-23 14:05:06.209  INFO 6780 --- [Thread-25] c.n.e.r.PeerAwareInstanceRegistryImpl    : Renew threshold is: 1
2018-05-23 14:05:06.210  INFO 6780 --- [Thread-25] c.n.e.r.PeerAwareInstanceRegistryImpl    : Changing status to UP
2018-05-23 14:05:06.222  INFO 6780 --- [Thread-25] e.s.EurekaServerInitializerConfiguration : Started Eureka Server
2018-05-23 14:05:06.239  INFO 6780 --- [main] o.s.b.w.embedded.tomcat.TomcatWebServer  : Tomcat started on port(s): 8081 (http) with context path ''
2018-05-23 14:05:06.240  INFO 6780 --- [main] .s.c.n.e.s.EurekaAutoServiceRegistration : Updating port to 8081
2018-05-23 14:05:06.243  INFO 6780 --- [main] com.server.ServerApplication             : Started ServerApplication in 6.0 seconds (JVM running for 7.464)
2018-05-23 14:05:06.734  INFO 6780 --- [RMI TCP Connection(5)-127.0.0.1] o.a.c.c.C.[Tomcat].[localhost].[/]       : Initializing Spring FrameworkServlet 'dispatcherServlet'
2018-05-23 14:05:29.955  WARN 6780 --- [http-nio-8081-exec-2] c.n.e.registry.AbstractInstanceRegistry  : DS: Registry: cancel failed because Lease is not registered for: SERVICE-HELLO/Lenovo-PC:service-hello:-1
2018-05-23 14:05:29.956  INFO 6780 --- [http-nio-8081-exec-2] c.n.eureka.resources.InstanceResource    : Not Found (Cancel): SERVICE-HELLO - Lenovo-PC:service-hello:-1
2018-05-23 14:05:48.214  INFO 6780 --- [http-nio-8081-exec-5] c.n.e.registry.AbstractInstanceRegistry  : Registered instance SERVICE-HELLO/Lenovo-PC:service-hello:8761 with status UP (replication=false)
2018-05-23 14:06:06.211  INFO 6780 --- [Eureka-EvictionTimer] c.n.e.registry.AbstractInstanceRegistry  : Running the evict task with compensationTime 0ms
2018-05-23 14:07:06.211  INFO 6780 --- [Eureka-EvictionTimer] c.n.e.registry.AbstractInstanceRegistry  : Running the evict task with compensationTime 0ms
2018-05-23 14:25:51.566  INFO 11456 --- [main] com.server.ServerApplication             : No active profile set, falling back to default profiles: default
2018-05-23 14:25:51.578  INFO 11456 --- [main] ConfigServletWebServerApplicationContext : Refreshing org.springframework.boot.web.servlet.context.AnnotationConfigServletWebServerApplicationContext@757f675c: startup date [Wed May 23 14:25:51 CST 2018]; parent: org.springframework.context.annotation.AnnotationConfigApplicationContext@3c7c886c
2018-05-23 14:25:52.339  INFO 11456 --- [main] o.s.cloud.context.scope.GenericScope     : BeanFactory id=fa9411d6-8e19-33d4-8b66-279203374ba3
2018-05-23 14:25:52.355  INFO 11456 --- [main] f.a.AutowiredAnnotationBeanPostProcessor : JSR-330 'javax.inject.Inject' annotation found and supported for autowiring
2018-05-23 14:25:52.438  INFO 11456 --- [main] trationDelegate$BeanPostProcessorChecker : Bean 'org.springframework.cloud.autoconfigure.ConfigurationPropertiesRebinderAutoConfiguration' of type [org.springframework.cloud.autoconfigure.ConfigurationPropertiesRebinderAutoConfiguration$$EnhancerBySpringCGLIB$$275662c7] is not eligible for getting processed by all BeanPostProcessors (for example: not eligible for auto-proxying)
2018-05-23 14:25:52.645  INFO 11456 --- [main] o.s.b.w.embedded.tomcat.TomcatWebServer  : Tomcat initialized with port(s): 8081 (http)
2018-05-23 14:25:52.663  INFO 11456 --- [main] o.apache.catalina.core.StandardService   : Starting service [Tomcat]
2018-05-23 14:25:52.664  INFO 11456 --- [main] org.apache.catalina.core.StandardEngine  : Starting Servlet Engine: Apache Tomcat/8.5.31
2018-05-23 14:25:52.667  INFO 11456 --- [localhost-startStop-1] o.a.catalina.core.AprLifecycleListener   : The APR based Apache Tomcat Native library which allows optimal performance in production environments was not found on the java.library.path: [E:\WorkSoftare\Java\jdk1.8.0_92\bin;C:\Windows\Sun\Java\bin;C:\Windows\system32;C:\Windows;E:\WorkSoftare\Oracle\product\11.2.0\dbhome_1\bin;E:\WorkSoftare\Python36\Scripts\;E:\WorkSoftare\Python36\;C:\Windows\system32;C:\Windows;C:\Windows\System32\Wbem;C:\Windows\System32\WindowsPowerShell\v1.0\;C:\Program Files (x86)\NVIDIA Corporation\PhysX\Common;C:\Program Files (x86)\MySQL\MySQL Fabric 1.5 & MySQL Utilities 1.5\;C:\Program Files (x86)\MySQL\MySQL Fabric 1.5 & MySQL Utilities 1.5\Doctrine extensions for PHP\;E:\WorkSoftare\Java\jdk1.8.0_92\bin;E:\WorkSoftare\Java\jdk1.8.0_92\jre\bin;E:\WorkSoftare\apache-maven-3.2.3\bin;E:\WorkSoftare\Python36;E:\WorkSoftare\Git\usr\bin;%JAVA_HOME8%\bin;%JAVA_HOME8%\jre\bin;E:\WorkSoftare\Tesseract-OCR;;.]
2018-05-23 14:25:52.759  INFO 11456 --- [localhost-startStop-1] o.a.c.c.C.[Tomcat].[localhost].[/]       : Initializing Spring embedded WebApplicationContext
2018-05-23 14:25:54.147  INFO 11456 --- [localhost-startStop-1] o.s.b.w.servlet.FilterRegistrationBean   : Mapping filter: 'characterEncodingFilter' to: [/*]
2018-05-23 14:25:54.148  INFO 11456 --- [localhost-startStop-1] o.s.b.w.servlet.FilterRegistrationBean   : Mapping filter: 'hiddenHttpMethodFilter' to: [/*]
2018-05-23 14:25:54.148  INFO 11456 --- [localhost-startStop-1] o.s.b.w.servlet.FilterRegistrationBean   : Mapping filter: 'httpPutFormContentFilter' to: [/*]
2018-05-23 14:25:54.148  INFO 11456 --- [localhost-startStop-1] o.s.b.w.servlet.FilterRegistrationBean   : Mapping filter: 'requestContextFilter' to: [/*]
2018-05-23 14:25:54.148  INFO 11456 --- [localhost-startStop-1] o.s.b.w.servlet.FilterRegistrationBean   : Mapping filter: 'httpTraceFilter' to: [/*]
2018-05-23 14:25:54.148  INFO 11456 --- [localhost-startStop-1] o.s.b.w.servlet.FilterRegistrationBean   : Mapping filter: 'webMvcMetricsFilter' to: [/*]
2018-05-23 14:25:54.148  INFO 11456 --- [localhost-startStop-1] o.s.b.w.servlet.FilterRegistrationBean   : Mapping filter: 'servletContainer' to urls: [/eureka/*]
2018-05-23 14:25:54.148  INFO 11456 --- [localhost-startStop-1] o.s.b.w.servlet.ServletRegistrationBean  : Servlet dispatcherServlet mapped to [/]
2018-05-23 14:25:54.203  INFO 11456 --- [localhost-startStop-1] c.s.j.s.i.a.WebApplicationImpl           : Initiating Jersey application, version 'Jersey: 1.19.1 03/11/2016 02:08 PM'
2018-05-23 14:25:54.266  INFO 11456 --- [localhost-startStop-1] c.n.d.provider.DiscoveryJerseyProvider   : Using JSON encoding codec LegacyJacksonJson
2018-05-23 14:25:54.267  INFO 11456 --- [localhost-startStop-1] c.n.d.provider.DiscoveryJerseyProvider   : Using JSON decoding codec LegacyJacksonJson
2018-05-23 14:25:54.365  INFO 11456 --- [localhost-startStop-1] c.n.d.provider.DiscoveryJerseyProvider   : Using XML encoding codec XStreamXml
2018-05-23 14:25:54.365  INFO 11456 --- [localhost-startStop-1] c.n.d.provider.DiscoveryJerseyProvider   : Using XML decoding codec XStreamXml
2018-05-23 14:25:54.693  WARN 11456 --- [main] o.s.c.n.a.ArchaiusAutoConfiguration      : No spring.application.name found, defaulting to 'application'
2018-05-23 14:25:54.696  WARN 11456 --- [main] c.n.c.sources.URLConfigurationSource     : No URLs will be polled as dynamic configuration sources.
2018-05-23 14:25:54.696  INFO 11456 --- [main] c.n.c.sources.URLConfigurationSource     : To enable URLs as dynamic configuration sources, define System property archaius.configurationSource.additionalUrls or make config.properties available on classpath.
2018-05-23 14:25:54.700  WARN 11456 --- [main] c.n.c.sources.URLConfigurationSource     : No URLs will be polled as dynamic configuration sources.
2018-05-23 14:25:54.700  INFO 11456 --- [main] c.n.c.sources.URLConfigurationSource     : To enable URLs as dynamic configuration sources, define System property archaius.configurationSource.additionalUrls or make config.properties available on classpath.
2018-05-23 14:25:55.401  INFO 11456 --- [main] o.s.ui.freemarker.SpringTemplateLoader   : SpringTemplateLoader for FreeMarker: using resource loader [org.springframework.boot.web.servlet.context.AnnotationConfigServletWebServerApplicationContext@757f675c: startup date [Wed May 23 14:25:51 CST 2018]; parent: org.springframework.context.annotation.AnnotationConfigApplicationContext@3c7c886c] and template loader path [classpath:/templates/]
2018-05-23 14:25:55.587  INFO 11456 --- [main] o.s.c.n.eureka.InstanceInfoFactory       : Setting initial instance status as: STARTING
2018-05-23 14:25:55.621  INFO 11456 --- [main] com.netflix.discovery.DiscoveryClient    : Initializing Eureka in region us-east-1
2018-05-23 14:25:55.621  INFO 11456 --- [main] com.netflix.discovery.DiscoveryClient    : Client configured to neither register nor query for data.
2018-05-23 14:25:55.628  INFO 11456 --- [main] com.netflix.discovery.DiscoveryClient    : Discovery Client initialized at timestamp 1527056755627 with initial instances count: 0
2018-05-23 14:25:55.673  INFO 11456 --- [main] c.n.eureka.DefaultEurekaServerContext    : Initializing ...
2018-05-23 14:25:55.675  WARN 11456 --- [main] c.n.eureka.cluster.PeerEurekaNodes       : The replica size seems to be empty. Check the route 53 DNS Registry
2018-05-23 14:25:55.691  INFO 11456 --- [main] c.n.e.registry.AbstractInstanceRegistry  : Finished initializing remote region registries. All known remote regions: []
2018-05-23 14:25:55.692  INFO 11456 --- [main] c.n.eureka.DefaultEurekaServerContext    : Initialized
2018-05-23 14:25:55.711  INFO 11456 --- [main] o.s.b.a.e.web.EndpointLinksResolver      : Exposing 2 endpoint(s) beneath base path '/actuator'
2018-05-23 14:25:55.724  INFO 11456 --- [main] s.b.a.e.w.s.WebMvcEndpointHandlerMapping : Mapped "{[/actuator/health],methods=[GET],produces=[application/vnd.spring-boot.actuator.v2+json || application/json]}" onto public java.lang.Object org.springframework.boot.actuate.endpoint.web.servlet.AbstractWebMvcEndpointHandlerMapping$OperationHandler.handle(javax.servlet.http.HttpServletRequest,java.util.Map<java.lang.String, java.lang.String>)
2018-05-23 14:25:55.725  INFO 11456 --- [main] s.b.a.e.w.s.WebMvcEndpointHandlerMapping : Mapped "{[/actuator/info],methods=[GET],produces=[application/vnd.spring-boot.actuator.v2+json || application/json]}" onto public java.lang.Object org.springframework.boot.actuate.endpoint.web.servlet.AbstractWebMvcEndpointHandlerMapping$OperationHandler.handle(javax.servlet.http.HttpServletRequest,java.util.Map<java.lang.String, java.lang.String>)
2018-05-23 14:25:55.726  INFO 11456 --- [main] s.b.a.e.w.s.WebMvcEndpointHandlerMapping : Mapped "{[/actuator],methods=[GET],produces=[application/vnd.spring-boot.actuator.v2+json || application/json]}" onto protected java.util.Map<java.lang.String, java.util.Map<java.lang.String, org.springframework.boot.actuate.endpoint.web.Link>> org.springframework.boot.actuate.endpoint.web.servlet.WebMvcEndpointHandlerMapping.links(javax.servlet.http.HttpServletRequest,javax.servlet.http.HttpServletResponse)
2018-05-23 14:25:55.786  INFO 11456 --- [main] o.s.j.e.a.AnnotationMBeanExporter        : Registering beans for JMX exposure on startup
2018-05-23 14:25:55.795  INFO 11456 --- [main] o.s.j.e.a.AnnotationMBeanExporter        : Bean with name 'environmentManager' has been autodetected for JMX exposure
2018-05-23 14:25:55.797  INFO 11456 --- [main] o.s.j.e.a.AnnotationMBeanExporter        : Bean with name 'configurationPropertiesRebinder' has been autodetected for JMX exposure
2018-05-23 14:25:55.798  INFO 11456 --- [main] o.s.j.e.a.AnnotationMBeanExporter        : Bean with name 'refreshScope' has been autodetected for JMX exposure
2018-05-23 14:25:55.802  INFO 11456 --- [main] o.s.j.e.a.AnnotationMBeanExporter        : Located managed bean 'environmentManager': registering with JMX server as MBean [org.springframework.cloud.context.environment:name=environmentManager,type=EnvironmentManager]
2018-05-23 14:25:55.811  INFO 11456 --- [main] o.s.j.e.a.AnnotationMBeanExporter        : Located managed bean 'refreshScope': registering with JMX server as MBean [org.springframework.cloud.context.scope.refresh:name=refreshScope,type=RefreshScope]
2018-05-23 14:25:55.822  INFO 11456 --- [main] o.s.j.e.a.AnnotationMBeanExporter        : Located managed bean 'configurationPropertiesRebinder': registering with JMX server as MBean [org.springframework.cloud.context.properties:name=configurationPropertiesRebinder,context=757f675c,type=ConfigurationPropertiesRebinder]
2018-05-23 14:25:55.836  INFO 11456 --- [main] o.s.c.support.DefaultLifecycleProcessor  : Starting beans in phase 0
2018-05-23 14:25:55.836  INFO 11456 --- [main] o.s.c.n.e.s.EurekaServiceRegistry        : Registering application unknown with eureka with status UP
2018-05-23 14:25:55.840  INFO 11456 --- [Thread-25] o.s.c.n.e.server.EurekaServerBootstrap   : Setting the eureka configuration..
2018-05-23 14:25:55.841  INFO 11456 --- [Thread-25] o.s.c.n.e.server.EurekaServerBootstrap   : Eureka data center value eureka.datacenter is not set, defaulting to default
2018-05-23 14:25:55.841  INFO 11456 --- [Thread-25] o.s.c.n.e.server.EurekaServerBootstrap   : Eureka environment value eureka.environment is not set, defaulting to test
2018-05-23 14:25:55.855  INFO 11456 --- [Thread-25] o.s.c.n.e.server.EurekaServerBootstrap   : isAws returned false
2018-05-23 14:25:55.856  INFO 11456 --- [Thread-25] o.s.c.n.e.server.EurekaServerBootstrap   : Initialized server context
2018-05-23 14:25:55.856  INFO 11456 --- [Thread-25] c.n.e.r.PeerAwareInstanceRegistryImpl    : Got 1 instances from neighboring DS node
2018-05-23 14:25:55.856  INFO 11456 --- [Thread-25] c.n.e.r.PeerAwareInstanceRegistryImpl    : Renew threshold is: 1
2018-05-23 14:25:55.856  INFO 11456 --- [Thread-25] c.n.e.r.PeerAwareInstanceRegistryImpl    : Changing status to UP
2018-05-23 14:25:55.867  INFO 11456 --- [Thread-25] e.s.EurekaServerInitializerConfiguration : Started Eureka Server
2018-05-23 14:25:55.887  INFO 11456 --- [main] o.s.b.w.embedded.tomcat.TomcatWebServer  : Tomcat started on port(s): 8081 (http) with context path ''
2018-05-23 14:25:55.888  INFO 11456 --- [main] .s.c.n.e.s.EurekaAutoServiceRegistration : Updating port to 8081
2018-05-23 14:25:55.890  INFO 11456 --- [main] com.server.ServerApplication             : Started ServerApplication in 5.713 seconds (JVM running for 6.887)
2018-05-23 14:25:56.583  INFO 11456 --- [RMI TCP Connection(7)-127.0.0.1] o.a.c.c.C.[Tomcat].[localhost].[/]       : Initializing Spring FrameworkServlet 'dispatcherServlet'
2018-05-23 14:26:20.994  WARN 11456 --- [http-nio-8081-exec-2] c.n.e.registry.AbstractInstanceRegistry  : DS: Registry: cancel failed because Lease is not registered for: SERVICE-HELLO/Lenovo-PC:service-hello:-1
2018-05-23 14:26:20.994  INFO 11456 --- [http-nio-8081-exec-2] c.n.eureka.resources.InstanceResource    : Not Found (Cancel): SERVICE-HELLO - Lenovo-PC:service-hello:-1
2018-05-23 14:26:38.820  INFO 11456 --- [http-nio-8081-exec-5] c.n.e.registry.AbstractInstanceRegistry  : Registered instance SERVICE-HELLO/Lenovo-PC:service-hello:8761 with status UP (replication=false)
2018-05-23 14:26:55.858  INFO 11456 --- [Eureka-EvictionTimer] c.n.e.registry.AbstractInstanceRegistry  : Running the evict task with compensationTime 0ms
2018-05-23 14:27:18.417  INFO 11456 --- [http-nio-8081-exec-9] c.n.e.registry.AbstractInstanceRegistry  : Registered instance SERVICE-HELLO/Lenovo-PC:service-hello:8762 with status UP (replication=false)
2018-05-23 14:27:55.858  INFO 11456 --- [Eureka-EvictionTimer] c.n.e.registry.AbstractInstanceRegistry  : Running the evict task with compensationTime 0ms
2018-05-23 14:28:55.858  INFO 11456 --- [Eureka-EvictionTimer] c.n.e.registry.AbstractInstanceRegistry  : Running the evict task with compensationTime 0ms
2018-05-23 14:29:55.858  INFO 11456 --- [Eureka-EvictionTimer] c.n.e.registry.AbstractInstanceRegistry  : Running the evict task with compensationTime 0ms
2018-05-23 14:30:55.858  INFO 11456 --- [Eureka-EvictionTimer] c.n.e.registry.AbstractInstanceRegistry  : Running the evict task with compensationTime 0ms
2018-05-23 14:31:55.858  INFO 11456 --- [Eureka-EvictionTimer] c.n.e.registry.AbstractInstanceRegistry  : Running the evict task with compensationTime 0ms
2018-05-23 14:32:55.858  INFO 11456 --- [Eureka-EvictionTimer] c.n.e.registry.AbstractInstanceRegistry  : Running the evict task with compensationTime 0ms
2018-05-23 14:33:01.023  WARN 11456 --- [http-nio-8081-exec-8] c.n.e.registry.AbstractInstanceRegistry  : DS: Registry: cancel failed because Lease is not registered for: SERVICE-RIBBON/Lenovo-PC:service-ribbon:-1
2018-05-23 14:33:01.023  INFO 11456 --- [http-nio-8081-exec-8] c.n.eureka.resources.InstanceResource    : Not Found (Cancel): SERVICE-RIBBON - Lenovo-PC:service-ribbon:-1
2018-05-23 14:33:55.858  INFO 11456 --- [Eureka-EvictionTimer] c.n.e.registry.AbstractInstanceRegistry  : Running the evict task with compensationTime 0ms
2018-05-23 14:34:55.858  INFO 11456 --- [Eureka-EvictionTimer] c.n.e.registry.AbstractInstanceRegistry  : Running the evict task with compensationTime 0ms
2018-05-23 14:35:05.819  INFO 11456 --- [http-nio-8081-exec-8] c.n.e.registry.AbstractInstanceRegistry  : Registered instance SERVICE-RIBBON/Lenovo-PC:service-ribbon:8763 with status UP (replication=false)
2018-05-23 14:35:55.728  WARN 11456 --- [Eureka-PeerNodesUpdater] c.n.eureka.cluster.PeerEurekaNodes       : The replica size seems to be empty. Check the route 53 DNS Registry
2018-05-23 14:35:55.858  INFO 11456 --- [Eureka-EvictionTimer] c.n.e.registry.AbstractInstanceRegistry  : Running the evict task with compensationTime 0ms
2018-05-23 14:36:55.858  INFO 11456 --- [Eureka-EvictionTimer] c.n.e.registry.AbstractInstanceRegistry  : Running the evict task with compensationTime 0ms
2018-05-23 14:37:55.858  INFO 11456 --- [Eureka-EvictionTimer] c.n.e.registry.AbstractInstanceRegistry  : Running the evict task with compensationTime 0ms
2018-05-23 14:38:55.858  INFO 11456 --- [Eureka-EvictionTimer] c.n.e.registry.AbstractInstanceRegistry  : Running the evict task with compensationTime 0ms
2018-05-23 14:39:04.551  INFO 11456 --- [http-nio-8081-exec-2] c.n.e.registry.AbstractInstanceRegistry  : Registered instance SERVICE-RIBBON/Lenovo-PC:service-ribbon:8763 with status UP (replication=false)
2018-05-23 14:39:55.858  INFO 11456 --- [Eureka-EvictionTimer] c.n.e.registry.AbstractInstanceRegistry  : Running the evict task with compensationTime 0ms
2018-05-23 14:40:55.734  INFO 11456 --- [ReplicaAwareInstanceRegistry - RenewalThresholdUpdater] c.n.e.r.PeerAwareInstanceRegistryImpl    : Current renewal threshold is : 6
2018-05-23 14:40:55.858  INFO 11456 --- [Eureka-EvictionTimer] c.n.e.registry.AbstractInstanceRegistry  : Running the evict task with compensationTime 0ms
2018-05-23 14:41:55.858  INFO 11456 --- [Eureka-EvictionTimer] c.n.e.registry.AbstractInstanceRegistry  : Running the evict task with compensationTime 0ms
2018-05-23 14:42:55.858  INFO 11456 --- [Eureka-EvictionTimer] c.n.e.registry.AbstractInstanceRegistry  : Running the evict task with compensationTime 0ms
2018-05-23 14:43:15.020  INFO 11456 --- [http-nio-8081-exec-5] c.n.e.registry.AbstractInstanceRegistry  : Registered instance SERVICE-RIBBON/Lenovo-PC:service-ribbon:8763 with status UP (replication=false)
2018-05-23 14:43:55.858  INFO 11456 --- [Eureka-EvictionTimer] c.n.e.registry.AbstractInstanceRegistry  : Running the evict task with compensationTime 0ms
2018-05-23 14:44:55.858  INFO 11456 --- [Eureka-EvictionTimer] c.n.e.registry.AbstractInstanceRegistry  : Running the evict task with compensationTime 0ms
2018-05-23 14:45:55.780  WARN 11456 --- [Eureka-PeerNodesUpdater] c.n.eureka.cluster.PeerEurekaNodes       : The replica size seems to be empty. Check the route 53 DNS Registry
2018-05-23 14:45:55.858  INFO 11456 --- [Eureka-EvictionTimer] c.n.e.registry.AbstractInstanceRegistry  : Running the evict task with compensationTime 0ms
2018-05-23 14:46:55.858  INFO 11456 --- [Eureka-EvictionTimer] c.n.e.registry.AbstractInstanceRegistry  : Running the evict task with compensationTime 0ms
2018-05-23 14:47:55.858  INFO 11456 --- [Eureka-EvictionTimer] c.n.e.registry.AbstractInstanceRegistry  : Running the evict task with compensationTime 0ms
2018-05-23 14:48:55.858  INFO 11456 --- [Eureka-EvictionTimer] c.n.e.registry.AbstractInstanceRegistry  : Running the evict task with compensationTime 0ms
2018-05-23 14:49:55.858  INFO 11456 --- [Eureka-EvictionTimer] c.n.e.registry.AbstractInstanceRegistry  : Running the evict task with compensationTime 0ms
2018-05-23 14:50:55.858  INFO 11456 --- [Eureka-EvictionTimer] c.n.e.registry.AbstractInstanceRegistry  : Running the evict task with compensationTime 0ms
2018-05-23 14:51:55.858  INFO 11456 --- [Eureka-EvictionTimer] c.n.e.registry.AbstractInstanceRegistry  : Running the evict task with compensationTime 0ms
2018-05-23 14:52:55.858  INFO 11456 --- [Eureka-EvictionTimer] c.n.e.registry.AbstractInstanceRegistry  : Running the evict task with compensationTime 0ms
2018-05-23 14:53:55.858  INFO 11456 --- [Eureka-EvictionTimer] c.n.e.registry.AbstractInstanceRegistry  : Running the evict task with compensationTime 0ms
2018-05-23 14:54:55.858  INFO 11456 --- [Eureka-EvictionTimer] c.n.e.registry.AbstractInstanceRegistry  : Running the evict task with compensationTime 0ms
2018-05-23 14:55:55.734  INFO 11456 --- [ReplicaAwareInstanceRegistry - RenewalThresholdUpdater] c.n.e.r.PeerAwareInstanceRegistryImpl    : Current renewal threshold is : 6
2018-05-23 14:55:55.833  WARN 11456 --- [Eureka-PeerNodesUpdater] c.n.eureka.cluster.PeerEurekaNodes       : The replica size seems to be empty. Check the route 53 DNS Registry
2018-05-23 14:55:55.858  INFO 11456 --- [Eureka-EvictionTimer] c.n.e.registry.AbstractInstanceRegistry  : Running the evict task with compensationTime 0ms
2018-05-23 14:56:55.858  INFO 11456 --- [Eureka-EvictionTimer] c.n.e.registry.AbstractInstanceRegistry  : Running the evict task with compensationTime 0ms
2018-05-23 15:09:52.742  INFO 10872 --- [main] com.server.ServerApplication             : No active profile set, falling back to default profiles: default
2018-05-23 15:09:52.753  INFO 10872 --- [main] ConfigServletWebServerApplicationContext : Refreshing org.springframework.boot.web.servlet.context.AnnotationConfigServletWebServerApplicationContext@2c282004: startup date [Wed May 23 15:09:52 CST 2018]; parent: org.springframework.context.annotation.AnnotationConfigApplicationContext@68702e03
2018-05-23 15:09:53.603  INFO 10872 --- [main] o.s.cloud.context.scope.GenericScope     : BeanFactory id=82612553-67b5-3506-a485-1dee94ed4160
2018-05-23 15:09:53.622  INFO 10872 --- [main] f.a.AutowiredAnnotationBeanPostProcessor : JSR-330 'javax.inject.Inject' annotation found and supported for autowiring
2018-05-23 15:09:53.735  INFO 10872 --- [main] trationDelegate$BeanPostProcessorChecker : Bean 'org.springframework.cloud.autoconfigure.ConfigurationPropertiesRebinderAutoConfiguration' of type [org.springframework.cloud.autoconfigure.ConfigurationPropertiesRebinderAutoConfiguration$$EnhancerBySpringCGLIB$$ffec4229] is not eligible for getting processed by all BeanPostProcessors (for example: not eligible for auto-proxying)
2018-05-23 15:09:54.132  INFO 10872 --- [main] o.s.b.w.embedded.tomcat.TomcatWebServer  : Tomcat initialized with port(s): 8081 (http)
2018-05-23 15:09:54.171  INFO 10872 --- [main] o.apache.catalina.core.StandardService   : Starting service [Tomcat]
2018-05-23 15:09:54.172  INFO 10872 --- [main] org.apache.catalina.core.StandardEngine  : Starting Servlet Engine: Apache Tomcat/8.5.31
2018-05-23 15:09:54.179  INFO 10872 --- [localhost-startStop-1] o.a.catalina.core.AprLifecycleListener   : The APR based Apache Tomcat Native library which allows optimal performance in production environments was not found on the java.library.path: [E:\WorkSoftare\Java\jdk1.8.0_92\bin;C:\Windows\Sun\Java\bin;C:\Windows\system32;C:\Windows;E:\WorkSoftare\Oracle\product\11.2.0\dbhome_1\bin;E:\WorkSoftare\Python36\Scripts\;E:\WorkSoftare\Python36\;C:\Windows\system32;C:\Windows;C:\Windows\System32\Wbem;C:\Windows\System32\WindowsPowerShell\v1.0\;C:\Program Files (x86)\NVIDIA Corporation\PhysX\Common;C:\Program Files (x86)\MySQL\MySQL Fabric 1.5 & MySQL Utilities 1.5\;C:\Program Files (x86)\MySQL\MySQL Fabric 1.5 & MySQL Utilities 1.5\Doctrine extensions for PHP\;E:\WorkSoftare\Java\jdk1.8.0_92\bin;E:\WorkSoftare\Java\jdk1.8.0_92\jre\bin;E:\WorkSoftare\apache-maven-3.2.3\bin;E:\WorkSoftare\Python36;E:\WorkSoftare\Git\usr\bin;%JAVA_HOME8%\bin;%JAVA_HOME8%\jre\bin;E:\WorkSoftare\Tesseract-OCR;;.]
2018-05-23 15:09:54.285  INFO 10872 --- [localhost-startStop-1] o.a.c.c.C.[Tomcat].[localhost].[/]       : Initializing Spring embedded WebApplicationContext
2018-05-23 15:09:55.776  INFO 10872 --- [localhost-startStop-1] o.s.b.w.servlet.FilterRegistrationBean   : Mapping filter: 'characterEncodingFilter' to: [/*]
2018-05-23 15:09:55.777  INFO 10872 --- [localhost-startStop-1] o.s.b.w.servlet.FilterRegistrationBean   : Mapping filter: 'hiddenHttpMethodFilter' to: [/*]
2018-05-23 15:09:55.777  INFO 10872 --- [localhost-startStop-1] o.s.b.w.servlet.FilterRegistrationBean   : Mapping filter: 'httpPutFormContentFilter' to: [/*]
2018-05-23 15:09:55.777  INFO 10872 --- [localhost-startStop-1] o.s.b.w.servlet.FilterRegistrationBean   : Mapping filter: 'requestContextFilter' to: [/*]
2018-05-23 15:09:55.777  INFO 10872 --- [localhost-startStop-1] .s.DelegatingFilterProxyRegistrationBean : Mapping filter: 'springSecurityFilterChain' to: [/*]
2018-05-23 15:09:55.778  INFO 10872 --- [localhost-startStop-1] o.s.b.w.servlet.FilterRegistrationBean   : Mapping filter: 'httpTraceFilter' to: [/*]
2018-05-23 15:09:55.778  INFO 10872 --- [localhost-startStop-1] o.s.b.w.servlet.FilterRegistrationBean   : Mapping filter: 'webMvcMetricsFilter' to: [/*]
2018-05-23 15:09:55.778  INFO 10872 --- [localhost-startStop-1] o.s.b.w.servlet.FilterRegistrationBean   : Mapping filter: 'servletContainer' to urls: [/eureka/*]
2018-05-23 15:09:55.778  INFO 10872 --- [localhost-startStop-1] o.s.b.w.servlet.ServletRegistrationBean  : Servlet dispatcherServlet mapped to [/]
2018-05-23 15:09:55.841  INFO 10872 --- [localhost-startStop-1] c.s.j.s.i.a.WebApplicationImpl           : Initiating Jersey application, version 'Jersey: 1.19.1 03/11/2016 02:08 PM'
2018-05-23 15:09:55.904  INFO 10872 --- [localhost-startStop-1] c.n.d.provider.DiscoveryJerseyProvider   : Using JSON encoding codec LegacyJacksonJson
2018-05-23 15:09:55.905  INFO 10872 --- [localhost-startStop-1] c.n.d.provider.DiscoveryJerseyProvider   : Using JSON decoding codec LegacyJacksonJson
2018-05-23 15:09:56.012  INFO 10872 --- [localhost-startStop-1] c.n.d.provider.DiscoveryJerseyProvider   : Using XML encoding codec XStreamXml
2018-05-23 15:09:56.013  INFO 10872 --- [localhost-startStop-1] c.n.d.provider.DiscoveryJerseyProvider   : Using XML decoding codec XStreamXml
2018-05-23 15:09:56.509  WARN 10872 --- [main] o.s.c.n.a.ArchaiusAutoConfiguration      : No spring.application.name found, defaulting to 'application'
2018-05-23 15:09:56.512  WARN 10872 --- [main] c.n.c.sources.URLConfigurationSource     : No URLs will be polled as dynamic configuration sources.
2018-05-23 15:09:56.512  INFO 10872 --- [main] c.n.c.sources.URLConfigurationSource     : To enable URLs as dynamic configuration sources, define System property archaius.configurationSource.additionalUrls or make config.properties available on classpath.
2018-05-23 15:09:56.516  WARN 10872 --- [main] c.n.c.sources.URLConfigurationSource     : No URLs will be polled as dynamic configuration sources.
2018-05-23 15:09:56.516  INFO 10872 --- [main] c.n.c.sources.URLConfigurationSource     : To enable URLs as dynamic configuration sources, define System property archaius.configurationSource.additionalUrls or make config.properties available on classpath.
2018-05-23 15:09:57.248  INFO 10872 --- [main] o.s.ui.freemarker.SpringTemplateLoader   : SpringTemplateLoader for FreeMarker: using resource loader [org.springframework.boot.web.servlet.context.AnnotationConfigServletWebServerApplicationContext@2c282004: startup date [Wed May 23 15:09:52 CST 2018]; parent: org.springframework.context.annotation.AnnotationConfigApplicationContext@68702e03] and template loader path [classpath:/templates/]
2018-05-23 15:09:57.380  INFO 10872 --- [main] .s.s.UserDetailsServiceAutoConfiguration : 

Using generated security password: 62a413cc-13f3-4872-a08e-a51c7ab93121

2018-05-23 15:09:57.546  INFO 10872 --- [main] o.s.s.web.DefaultSecurityFilterChain     : Creating filter chain: org.springframework.security.web.util.matcher.AnyRequestMatcher@1, [org.springframework.security.web.context.request.async.WebAsyncManagerIntegrationFilter@19662208, org.springframework.security.web.context.SecurityContextPersistenceFilter@79df80a4, org.springframework.security.web.header.HeaderWriterFilter@723e2d08, org.springframework.security.web.csrf.CsrfFilter@7b9088f2, org.springframework.security.web.authentication.logout.LogoutFilter@4584304, org.springframework.security.web.authentication.UsernamePasswordAuthenticationFilter@72c9ebfa, org.springframework.security.web.authentication.ui.DefaultLoginPageGeneratingFilter@28d739f1, org.springframework.security.web.authentication.www.BasicAuthenticationFilter@5b48f0f4, org.springframework.security.web.savedrequest.RequestCacheAwareFilter@4eeab3e, org.springframework.security.web.servletapi.SecurityContextHolderAwareRequestFilter@4f235107, org.springframework.security.web.authentication.AnonymousAuthenticationFilter@216c22ce, org.springframework.security.web.session.SessionManagementFilter@14f060b8, org.springframework.security.web.access.ExceptionTranslationFilter@38159384, org.springframework.security.web.access.intercept.FilterSecurityInterceptor@d87d449]
2018-05-23 15:09:57.719  INFO 10872 --- [main] o.s.c.n.eureka.InstanceInfoFactory       : Setting initial instance status as: STARTING
2018-05-23 15:09:57.750  INFO 10872 --- [main] com.netflix.discovery.DiscoveryClient    : Initializing Eureka in region us-east-1
2018-05-23 15:09:57.750  INFO 10872 --- [main] com.netflix.discovery.DiscoveryClient    : Client configured to neither register nor query for data.
2018-05-23 15:09:57.758  INFO 10872 --- [main] com.netflix.discovery.DiscoveryClient    : Discovery Client initialized at timestamp 1527059397757 with initial instances count: 0
2018-05-23 15:09:57.806  INFO 10872 --- [main] c.n.eureka.DefaultEurekaServerContext    : Initializing ...
2018-05-23 15:09:57.807  WARN 10872 --- [main] c.n.eureka.cluster.PeerEurekaNodes       : The replica size seems to be empty. Check the route 53 DNS Registry
2018-05-23 15:09:57.823  INFO 10872 --- [main] c.n.e.registry.AbstractInstanceRegistry  : Finished initializing remote region registries. All known remote regions: []
2018-05-23 15:09:57.824  INFO 10872 --- [main] c.n.eureka.DefaultEurekaServerContext    : Initialized
2018-05-23 15:09:57.887  INFO 10872 --- [main] o.s.b.a.e.web.EndpointLinksResolver      : Exposing 2 endpoint(s) beneath base path '/actuator'
2018-05-23 15:09:57.901  INFO 10872 --- [main] s.b.a.e.w.s.WebMvcEndpointHandlerMapping : Mapped "{[/actuator/health],methods=[GET],produces=[application/vnd.spring-boot.actuator.v2+json || application/json]}" onto public java.lang.Object org.springframework.boot.actuate.endpoint.web.servlet.AbstractWebMvcEndpointHandlerMapping$OperationHandler.handle(javax.servlet.http.HttpServletRequest,java.util.Map<java.lang.String, java.lang.String>)
2018-05-23 15:09:57.903  INFO 10872 --- [main] s.b.a.e.w.s.WebMvcEndpointHandlerMapping : Mapped "{[/actuator/info],methods=[GET],produces=[application/vnd.spring-boot.actuator.v2+json || application/json]}" onto public java.lang.Object org.springframework.boot.actuate.endpoint.web.servlet.AbstractWebMvcEndpointHandlerMapping$OperationHandler.handle(javax.servlet.http.HttpServletRequest,java.util.Map<java.lang.String, java.lang.String>)
2018-05-23 15:09:57.903  INFO 10872 --- [main] s.b.a.e.w.s.WebMvcEndpointHandlerMapping : Mapped "{[/actuator],methods=[GET],produces=[application/vnd.spring-boot.actuator.v2+json || application/json]}" onto protected java.util.Map<java.lang.String, java.util.Map<java.lang.String, org.springframework.boot.actuate.endpoint.web.Link>> org.springframework.boot.actuate.endpoint.web.servlet.WebMvcEndpointHandlerMapping.links(javax.servlet.http.HttpServletRequest,javax.servlet.http.HttpServletResponse)
2018-05-23 15:09:57.960  INFO 10872 --- [main] o.s.j.e.a.AnnotationMBeanExporter        : Registering beans for JMX exposure on startup
2018-05-23 15:09:57.969  INFO 10872 --- [main] o.s.j.e.a.AnnotationMBeanExporter        : Bean with name 'environmentManager' has been autodetected for JMX exposure
2018-05-23 15:09:57.972  INFO 10872 --- [main] o.s.j.e.a.AnnotationMBeanExporter        : Bean with name 'configurationPropertiesRebinder' has been autodetected for JMX exposure
2018-05-23 15:09:57.972  INFO 10872 --- [main] o.s.j.e.a.AnnotationMBeanExporter        : Bean with name 'refreshScope' has been autodetected for JMX exposure
2018-05-23 15:09:57.975  INFO 10872 --- [main] o.s.j.e.a.AnnotationMBeanExporter        : Located managed bean 'environmentManager': registering with JMX server as MBean [org.springframework.cloud.context.environment:name=environmentManager,type=EnvironmentManager]
2018-05-23 15:09:57.984  INFO 10872 --- [main] o.s.j.e.a.AnnotationMBeanExporter        : Located managed bean 'refreshScope': registering with JMX server as MBean [org.springframework.cloud.context.scope.refresh:name=refreshScope,type=RefreshScope]
2018-05-23 15:09:57.995  INFO 10872 --- [main] o.s.j.e.a.AnnotationMBeanExporter        : Located managed bean 'configurationPropertiesRebinder': registering with JMX server as MBean [org.springframework.cloud.context.properties:name=configurationPropertiesRebinder,context=2c282004,type=ConfigurationPropertiesRebinder]
2018-05-23 15:09:58.004  INFO 10872 --- [main] o.s.c.support.DefaultLifecycleProcessor  : Starting beans in phase 0
2018-05-23 15:09:58.005  INFO 10872 --- [main] o.s.c.n.e.s.EurekaServiceRegistry        : Registering application unknown with eureka with status UP
2018-05-23 15:09:58.009  INFO 10872 --- [Thread-27] o.s.c.n.e.server.EurekaServerBootstrap   : Setting the eureka configuration..
2018-05-23 15:09:58.009  INFO 10872 --- [Thread-27] o.s.c.n.e.server.EurekaServerBootstrap   : Eureka data center value eureka.datacenter is not set, defaulting to default
2018-05-23 15:09:58.009  INFO 10872 --- [Thread-27] o.s.c.n.e.server.EurekaServerBootstrap   : Eureka environment value eureka.environment is not set, defaulting to test
2018-05-23 15:09:58.025  INFO 10872 --- [Thread-27] o.s.c.n.e.server.EurekaServerBootstrap   : isAws returned false
2018-05-23 15:09:58.026  INFO 10872 --- [Thread-27] o.s.c.n.e.server.EurekaServerBootstrap   : Initialized server context
2018-05-23 15:09:58.026  INFO 10872 --- [Thread-27] c.n.e.r.PeerAwareInstanceRegistryImpl    : Got 1 instances from neighboring DS node
2018-05-23 15:09:58.026  INFO 10872 --- [Thread-27] c.n.e.r.PeerAwareInstanceRegistryImpl    : Renew threshold is: 1
2018-05-23 15:09:58.027  INFO 10872 --- [Thread-27] c.n.e.r.PeerAwareInstanceRegistryImpl    : Changing status to UP
2018-05-23 15:09:58.037  INFO 10872 --- [Thread-27] e.s.EurekaServerInitializerConfiguration : Started Eureka Server
2018-05-23 15:09:58.055  INFO 10872 --- [main] o.s.b.w.embedded.tomcat.TomcatWebServer  : Tomcat started on port(s): 8081 (http) with context path ''
2018-05-23 15:09:58.056  INFO 10872 --- [main] .s.c.n.e.s.EurekaAutoServiceRegistration : Updating port to 8081
2018-05-23 15:09:58.058  INFO 10872 --- [main] com.server.ServerApplication             : Started ServerApplication in 6.856 seconds (JVM running for 7.919)
2018-05-23 15:09:58.842  INFO 10872 --- [RMI TCP Connection(8)-127.0.0.1] o.a.c.c.C.[Tomcat].[localhost].[/]       : Initializing Spring FrameworkServlet 'dispatcherServlet'
2018-05-23 15:10:58.027  INFO 10872 --- [Eureka-EvictionTimer] c.n.e.registry.AbstractInstanceRegistry  : Running the evict task with compensationTime 0ms
2018-05-23 15:11:44.504  INFO 11840 --- [main] com.server.ServerApplication             : No active profile set, falling back to default profiles: default
2018-05-23 15:11:44.517  INFO 11840 --- [main] ConfigServletWebServerApplicationContext : Refreshing org.springframework.boot.web.servlet.context.AnnotationConfigServletWebServerApplicationContext@7ba63fe5: startup date [Wed May 23 15:11:44 CST 2018]; parent: org.springframework.context.annotation.AnnotationConfigApplicationContext@21a21c64
2018-05-23 15:11:45.295  INFO 11840 --- [main] o.s.cloud.context.scope.GenericScope     : BeanFactory id=82612553-67b5-3506-a485-1dee94ed4160
2018-05-23 15:11:45.311  INFO 11840 --- [main] f.a.AutowiredAnnotationBeanPostProcessor : JSR-330 'javax.inject.Inject' annotation found and supported for autowiring
2018-05-23 15:11:45.417  INFO 11840 --- [main] trationDelegate$BeanPostProcessorChecker : Bean 'org.springframework.cloud.autoconfigure.ConfigurationPropertiesRebinderAutoConfiguration' of type [org.springframework.cloud.autoconfigure.ConfigurationPropertiesRebinderAutoConfiguration$$EnhancerBySpringCGLIB$$d553744f] is not eligible for getting processed by all BeanPostProcessors (for example: not eligible for auto-proxying)
2018-05-23 15:11:45.630  INFO 11840 --- [main] o.s.b.w.embedded.tomcat.TomcatWebServer  : Tomcat initialized with port(s): 8081 (http)
2018-05-23 15:11:45.648  INFO 11840 --- [main] o.apache.catalina.core.StandardService   : Starting service [Tomcat]
2018-05-23 15:11:45.649  INFO 11840 --- [main] org.apache.catalina.core.StandardEngine  : Starting Servlet Engine: Apache Tomcat/8.5.31
2018-05-23 15:11:45.653  INFO 11840 --- [localhost-startStop-1] o.a.catalina.core.AprLifecycleListener   : The APR based Apache Tomcat Native library which allows optimal performance in production environments was not found on the java.library.path: [E:\WorkSoftare\Java\jdk1.8.0_92\bin;C:\Windows\Sun\Java\bin;C:\Windows\system32;C:\Windows;E:\WorkSoftare\Oracle\product\11.2.0\dbhome_1\bin;E:\WorkSoftare\Python36\Scripts\;E:\WorkSoftare\Python36\;C:\Windows\system32;C:\Windows;C:\Windows\System32\Wbem;C:\Windows\System32\WindowsPowerShell\v1.0\;C:\Program Files (x86)\NVIDIA Corporation\PhysX\Common;C:\Program Files (x86)\MySQL\MySQL Fabric 1.5 & MySQL Utilities 1.5\;C:\Program Files (x86)\MySQL\MySQL Fabric 1.5 & MySQL Utilities 1.5\Doctrine extensions for PHP\;E:\WorkSoftare\Java\jdk1.8.0_92\bin;E:\WorkSoftare\Java\jdk1.8.0_92\jre\bin;E:\WorkSoftare\apache-maven-3.2.3\bin;E:\WorkSoftare\Python36;E:\WorkSoftare\Git\usr\bin;%JAVA_HOME8%\bin;%JAVA_HOME8%\jre\bin;E:\WorkSoftare\Tesseract-OCR;;.]
2018-05-23 15:11:45.748  INFO 11840 --- [localhost-startStop-1] o.a.c.c.C.[Tomcat].[localhost].[/]       : Initializing Spring embedded WebApplicationContext
2018-05-23 15:11:47.208  INFO 11840 --- [localhost-startStop-1] o.s.b.w.servlet.FilterRegistrationBean   : Mapping filter: 'characterEncodingFilter' to: [/*]
2018-05-23 15:11:47.208  INFO 11840 --- [localhost-startStop-1] o.s.b.w.servlet.FilterRegistrationBean   : Mapping filter: 'hiddenHttpMethodFilter' to: [/*]
2018-05-23 15:11:47.208  INFO 11840 --- [localhost-startStop-1] o.s.b.w.servlet.FilterRegistrationBean   : Mapping filter: 'httpPutFormContentFilter' to: [/*]
2018-05-23 15:11:47.208  INFO 11840 --- [localhost-startStop-1] o.s.b.w.servlet.FilterRegistrationBean   : Mapping filter: 'requestContextFilter' to: [/*]
2018-05-23 15:11:47.209  INFO 11840 --- [localhost-startStop-1] .s.DelegatingFilterProxyRegistrationBean : Mapping filter: 'springSecurityFilterChain' to: [/*]
2018-05-23 15:11:47.209  INFO 11840 --- [localhost-startStop-1] o.s.b.w.servlet.FilterRegistrationBean   : Mapping filter: 'httpTraceFilter' to: [/*]
2018-05-23 15:11:47.209  INFO 11840 --- [localhost-startStop-1] o.s.b.w.servlet.FilterRegistrationBean   : Mapping filter: 'webMvcMetricsFilter' to: [/*]
2018-05-23 15:11:47.209  INFO 11840 --- [localhost-startStop-1] o.s.b.w.servlet.FilterRegistrationBean   : Mapping filter: 'servletContainer' to urls: [/eureka/*]
2018-05-23 15:11:47.209  INFO 11840 --- [localhost-startStop-1] o.s.b.w.servlet.ServletRegistrationBean  : Servlet dispatcherServlet mapped to [/]
2018-05-23 15:11:47.270  INFO 11840 --- [localhost-startStop-1] c.s.j.s.i.a.WebApplicationImpl           : Initiating Jersey application, version 'Jersey: 1.19.1 03/11/2016 02:08 PM'
2018-05-23 15:11:47.335  INFO 11840 --- [localhost-startStop-1] c.n.d.provider.DiscoveryJerseyProvider   : Using JSON encoding codec LegacyJacksonJson
2018-05-23 15:11:47.337  INFO 11840 --- [localhost-startStop-1] c.n.d.provider.DiscoveryJerseyProvider   : Using JSON decoding codec LegacyJacksonJson
2018-05-23 15:11:47.454  INFO 11840 --- [localhost-startStop-1] c.n.d.provider.DiscoveryJerseyProvider   : Using XML encoding codec XStreamXml
2018-05-23 15:11:47.455  INFO 11840 --- [localhost-startStop-1] c.n.d.provider.DiscoveryJerseyProvider   : Using XML decoding codec XStreamXml
2018-05-23 15:11:47.801  WARN 11840 --- [main] o.s.c.n.a.ArchaiusAutoConfiguration      : No spring.application.name found, defaulting to 'application'
2018-05-23 15:11:47.803  WARN 11840 --- [main] c.n.c.sources.URLConfigurationSource     : No URLs will be polled as dynamic configuration sources.
2018-05-23 15:11:47.803  INFO 11840 --- [main] c.n.c.sources.URLConfigurationSource     : To enable URLs as dynamic configuration sources, define System property archaius.configurationSource.additionalUrls or make config.properties available on classpath.
2018-05-23 15:11:47.808  WARN 11840 --- [main] c.n.c.sources.URLConfigurationSource     : No URLs will be polled as dynamic configuration sources.
2018-05-23 15:11:47.808  INFO 11840 --- [main] c.n.c.sources.URLConfigurationSource     : To enable URLs as dynamic configuration sources, define System property archaius.configurationSource.additionalUrls or make config.properties available on classpath.
2018-05-23 15:11:48.570  INFO 11840 --- [main] o.s.ui.freemarker.SpringTemplateLoader   : SpringTemplateLoader for FreeMarker: using resource loader [org.springframework.boot.web.servlet.context.AnnotationConfigServletWebServerApplicationContext@7ba63fe5: startup date [Wed May 23 15:11:44 CST 2018]; parent: org.springframework.context.annotation.AnnotationConfigApplicationContext@21a21c64] and template loader path [classpath:/templates/]
2018-05-23 15:11:48.708  INFO 11840 --- [main] .s.s.UserDetailsServiceAutoConfiguration : 

Using generated security password: 93199109-ed96-4258-b305-b7242005e062

2018-05-23 15:11:48.985  INFO 11840 --- [main] o.s.s.web.DefaultSecurityFilterChain     : Creating filter chain: org.springframework.security.web.util.matcher.AnyRequestMatcher@1, [org.springframework.security.web.context.request.async.WebAsyncManagerIntegrationFilter@29bbc63c, org.springframework.security.web.context.SecurityContextPersistenceFilter@29bbc391, org.springframework.security.web.header.HeaderWriterFilter@3e14d390, org.springframework.security.web.csrf.CsrfFilter@23bd0c81, org.springframework.security.web.authentication.logout.LogoutFilter@73e4387, org.springframework.security.web.authentication.UsernamePasswordAuthenticationFilter@4cc12db2, org.springframework.security.web.authentication.ui.DefaultLoginPageGeneratingFilter@75e80a97, org.springframework.security.web.authentication.www.BasicAuthenticationFilter@2c06b113, org.springframework.security.web.savedrequest.RequestCacheAwareFilter@530ee28b, org.springframework.security.web.servletapi.SecurityContextHolderAwareRequestFilter@32ae8f27, org.springframework.security.web.authentication.AnonymousAuthenticationFilter@272778ae, org.springframework.security.web.session.SessionManagementFilter@2b999ee8, org.springframework.security.web.access.ExceptionTranslationFilter@5d850a25, org.springframework.security.web.access.intercept.FilterSecurityInterceptor@58d4238e]
2018-05-23 15:11:49.266  INFO 11840 --- [main] o.s.c.n.eureka.InstanceInfoFactory       : Setting initial instance status as: STARTING
2018-05-23 15:11:49.296  INFO 11840 --- [main] com.netflix.discovery.DiscoveryClient    : Initializing Eureka in region us-east-1
2018-05-23 15:11:49.297  INFO 11840 --- [main] com.netflix.discovery.DiscoveryClient    : Client configured to neither register nor query for data.
2018-05-23 15:11:49.302  INFO 11840 --- [main] com.netflix.discovery.DiscoveryClient    : Discovery Client initialized at timestamp 1527059509301 with initial instances count: 0
2018-05-23 15:11:49.344  INFO 11840 --- [main] c.n.eureka.DefaultEurekaServerContext    : Initializing ...
2018-05-23 15:11:49.345  WARN 11840 --- [main] c.n.eureka.cluster.PeerEurekaNodes       : The replica size seems to be empty. Check the route 53 DNS Registry
2018-05-23 15:11:49.364  INFO 11840 --- [main] c.n.e.registry.AbstractInstanceRegistry  : Finished initializing remote region registries. All known remote regions: []
2018-05-23 15:11:49.365  INFO 11840 --- [main] c.n.eureka.DefaultEurekaServerContext    : Initialized
2018-05-23 15:11:49.382  INFO 11840 --- [main] o.s.b.a.e.web.EndpointLinksResolver      : Exposing 2 endpoint(s) beneath base path '/actuator'
2018-05-23 15:11:49.394  INFO 11840 --- [main] s.b.a.e.w.s.WebMvcEndpointHandlerMapping : Mapped "{[/actuator/health],methods=[GET],produces=[application/vnd.spring-boot.actuator.v2+json || application/json]}" onto public java.lang.Object org.springframework.boot.actuate.endpoint.web.servlet.AbstractWebMvcEndpointHandlerMapping$OperationHandler.handle(javax.servlet.http.HttpServletRequest,java.util.Map<java.lang.String, java.lang.String>)
2018-05-23 15:11:49.395  INFO 11840 --- [main] s.b.a.e.w.s.WebMvcEndpointHandlerMapping : Mapped "{[/actuator/info],methods=[GET],produces=[application/vnd.spring-boot.actuator.v2+json || application/json]}" onto public java.lang.Object org.springframework.boot.actuate.endpoint.web.servlet.AbstractWebMvcEndpointHandlerMapping$OperationHandler.handle(javax.servlet.http.HttpServletRequest,java.util.Map<java.lang.String, java.lang.String>)
2018-05-23 15:11:49.396  INFO 11840 --- [main] s.b.a.e.w.s.WebMvcEndpointHandlerMapping : Mapped "{[/actuator],methods=[GET],produces=[application/vnd.spring-boot.actuator.v2+json || application/json]}" onto protected java.util.Map<java.lang.String, java.util.Map<java.lang.String, org.springframework.boot.actuate.endpoint.web.Link>> org.springframework.boot.actuate.endpoint.web.servlet.WebMvcEndpointHandlerMapping.links(javax.servlet.http.HttpServletRequest,javax.servlet.http.HttpServletResponse)
2018-05-23 15:11:49.449  INFO 11840 --- [main] o.s.j.e.a.AnnotationMBeanExporter        : Registering beans for JMX exposure on startup
2018-05-23 15:11:49.457  INFO 11840 --- [main] o.s.j.e.a.AnnotationMBeanExporter        : Bean with name 'environmentManager' has been autodetected for JMX exposure
2018-05-23 15:11:49.459  INFO 11840 --- [main] o.s.j.e.a.AnnotationMBeanExporter        : Bean with name 'configurationPropertiesRebinder' has been autodetected for JMX exposure
2018-05-23 15:11:49.459  INFO 11840 --- [main] o.s.j.e.a.AnnotationMBeanExporter        : Bean with name 'refreshScope' has been autodetected for JMX exposure
2018-05-23 15:11:49.463  INFO 11840 --- [main] o.s.j.e.a.AnnotationMBeanExporter        : Located managed bean 'environmentManager': registering with JMX server as MBean [org.springframework.cloud.context.environment:name=environmentManager,type=EnvironmentManager]
2018-05-23 15:11:49.470  INFO 11840 --- [main] o.s.j.e.a.AnnotationMBeanExporter        : Located managed bean 'refreshScope': registering with JMX server as MBean [org.springframework.cloud.context.scope.refresh:name=refreshScope,type=RefreshScope]
2018-05-23 15:11:49.483  INFO 11840 --- [main] o.s.j.e.a.AnnotationMBeanExporter        : Located managed bean 'configurationPropertiesRebinder': registering with JMX server as MBean [org.springframework.cloud.context.properties:name=configurationPropertiesRebinder,context=7ba63fe5,type=ConfigurationPropertiesRebinder]
2018-05-23 15:11:49.496  INFO 11840 --- [main] o.s.c.support.DefaultLifecycleProcessor  : Starting beans in phase 0
2018-05-23 15:11:49.496  INFO 11840 --- [main] o.s.c.n.e.s.EurekaServiceRegistry        : Registering application unknown with eureka with status UP
2018-05-23 15:11:49.499  INFO 11840 --- [Thread-27] o.s.c.n.e.server.EurekaServerBootstrap   : Setting the eureka configuration..
2018-05-23 15:11:49.500  INFO 11840 --- [Thread-27] o.s.c.n.e.server.EurekaServerBootstrap   : Eureka data center value eureka.datacenter is not set, defaulting to default
2018-05-23 15:11:49.500  INFO 11840 --- [Thread-27] o.s.c.n.e.server.EurekaServerBootstrap   : Eureka environment value eureka.environment is not set, defaulting to test
2018-05-23 15:11:49.518  INFO 11840 --- [Thread-27] o.s.c.n.e.server.EurekaServerBootstrap   : isAws returned false
2018-05-23 15:11:49.519  INFO 11840 --- [Thread-27] o.s.c.n.e.server.EurekaServerBootstrap   : Initialized server context
2018-05-23 15:11:49.519  INFO 11840 --- [Thread-27] c.n.e.r.PeerAwareInstanceRegistryImpl    : Got 1 instances from neighboring DS node
2018-05-23 15:11:49.519  INFO 11840 --- [Thread-27] c.n.e.r.PeerAwareInstanceRegistryImpl    : Renew threshold is: 1
2018-05-23 15:11:49.519  INFO 11840 --- [Thread-27] c.n.e.r.PeerAwareInstanceRegistryImpl    : Changing status to UP
2018-05-23 15:11:49.531  INFO 11840 --- [Thread-27] e.s.EurekaServerInitializerConfiguration : Started Eureka Server
2018-05-23 15:11:49.551  INFO 11840 --- [main] o.s.b.w.embedded.tomcat.TomcatWebServer  : Tomcat started on port(s): 8081 (http) with context path ''
2018-05-23 15:11:49.552  INFO 11840 --- [main] .s.c.n.e.s.EurekaAutoServiceRegistration : Updating port to 8081
2018-05-23 15:11:49.557  INFO 11840 --- [main] com.server.ServerApplication             : Started ServerApplication in 6.722 seconds (JVM running for 7.979)
2018-05-23 15:11:50.237  INFO 11840 --- [RMI TCP Connection(4)-127.0.0.1] o.a.c.c.C.[Tomcat].[localhost].[/]       : Initializing Spring FrameworkServlet 'dispatcherServlet'
2018-05-23 15:12:49.521  INFO 11840 --- [Eureka-EvictionTimer] c.n.e.registry.AbstractInstanceRegistry  : Running the evict task with compensationTime 0ms
2018-05-23 15:13:49.521  INFO 11840 --- [Eureka-EvictionTimer] c.n.e.registry.AbstractInstanceRegistry  : Running the evict task with compensationTime 0ms
2018-05-23 15:14:49.521  INFO 11840 --- [Eureka-EvictionTimer] c.n.e.registry.AbstractInstanceRegistry  : Running the evict task with compensationTime 0ms
2018-05-23 15:15:49.521  INFO 11840 --- [Eureka-EvictionTimer] c.n.e.registry.AbstractInstanceRegistry  : Running the evict task with compensationTime 0ms
2018-05-23 15:16:49.521  INFO 11840 --- [Eureka-EvictionTimer] c.n.e.registry.AbstractInstanceRegistry  : Running the evict task with compensationTime 0ms
2018-05-23 15:17:49.521  INFO 11840 --- [Eureka-EvictionTimer] c.n.e.registry.AbstractInstanceRegistry  : Running the evict task with compensationTime 0ms
2018-05-23 15:18:49.521  INFO 11840 --- [Eureka-EvictionTimer] c.n.e.registry.AbstractInstanceRegistry  : Running the evict task with compensationTime 0ms
2018-05-23 15:19:49.521  INFO 11840 --- [Eureka-EvictionTimer] c.n.e.registry.AbstractInstanceRegistry  : Running the evict task with compensationTime 0ms
2018-05-23 15:20:49.521  INFO 11840 --- [Eureka-EvictionTimer] c.n.e.registry.AbstractInstanceRegistry  : Running the evict task with compensationTime 0ms
2018-05-23 15:21:49.398  WARN 11840 --- [Eureka-PeerNodesUpdater] c.n.eureka.cluster.PeerEurekaNodes       : The replica size seems to be empty. Check the route 53 DNS Registry
2018-05-23 15:21:49.521  INFO 11840 --- [Eureka-EvictionTimer] c.n.e.registry.AbstractInstanceRegistry  : Running the evict task with compensationTime 0ms
2018-05-23 15:22:49.521  INFO 11840 --- [Eureka-EvictionTimer] c.n.e.registry.AbstractInstanceRegistry  : Running the evict task with compensationTime 0ms
2018-05-23 15:23:49.521  INFO 11840 --- [Eureka-EvictionTimer] c.n.e.registry.AbstractInstanceRegistry  : Running the evict task with compensationTime 0ms
2018-05-23 15:24:49.521  INFO 11840 --- [Eureka-EvictionTimer] c.n.e.registry.AbstractInstanceRegistry  : Running the evict task with compensationTime 0ms
2018-05-23 15:25:49.521  INFO 11840 --- [Eureka-EvictionTimer] c.n.e.registry.AbstractInstanceRegistry  : Running the evict task with compensationTime 0ms
2018-05-23 15:26:49.364  INFO 11840 --- [ReplicaAwareInstanceRegistry - RenewalThresholdUpdater] c.n.e.r.PeerAwareInstanceRegistryImpl    : Current renewal threshold is : 1
2018-05-23 15:26:49.521  INFO 11840 --- [Eureka-EvictionTimer] c.n.e.registry.AbstractInstanceRegistry  : Running the evict task with compensationTime 0ms
2018-05-23 15:27:49.521  INFO 11840 --- [Eureka-EvictionTimer] c.n.e.registry.AbstractInstanceRegistry  : Running the evict task with compensationTime 0ms
2018-05-23 15:28:49.521  INFO 11840 --- [Eureka-EvictionTimer] c.n.e.registry.AbstractInstanceRegistry  : Running the evict task with compensationTime 0ms
2018-05-23 15:29:35.037  INFO 10900 --- [main] com.server.ServerApplication             : No active profile set, falling back to default profiles: default
2018-05-23 15:29:35.049  INFO 10900 --- [main] ConfigServletWebServerApplicationContext : Refreshing org.springframework.boot.web.servlet.context.AnnotationConfigServletWebServerApplicationContext@3935e9a8: startup date [Wed May 23 15:29:35 CST 2018]; parent: org.springframework.context.annotation.AnnotationConfigApplicationContext@46dffdc3
2018-05-23 15:29:35.878  INFO 10900 --- [main] o.s.cloud.context.scope.GenericScope     : BeanFactory id=fa9411d6-8e19-33d4-8b66-279203374ba3
2018-05-23 15:29:35.896  INFO 10900 --- [main] f.a.AutowiredAnnotationBeanPostProcessor : JSR-330 'javax.inject.Inject' annotation found and supported for autowiring
2018-05-23 15:29:36.014  INFO 10900 --- [main] trationDelegate$BeanPostProcessorChecker : Bean 'org.springframework.cloud.autoconfigure.ConfigurationPropertiesRebinderAutoConfiguration' of type [org.springframework.cloud.autoconfigure.ConfigurationPropertiesRebinderAutoConfiguration$$EnhancerBySpringCGLIB$$6f63c07d] is not eligible for getting processed by all BeanPostProcessors (for example: not eligible for auto-proxying)
2018-05-23 15:29:36.241  INFO 10900 --- [main] o.s.b.w.embedded.tomcat.TomcatWebServer  : Tomcat initialized with port(s): 8081 (http)
2018-05-23 15:29:36.261  INFO 10900 --- [main] o.apache.catalina.core.StandardService   : Starting service [Tomcat]
2018-05-23 15:29:36.262  INFO 10900 --- [main] org.apache.catalina.core.StandardEngine  : Starting Servlet Engine: Apache Tomcat/8.5.31
2018-05-23 15:29:36.266  INFO 10900 --- [localhost-startStop-1] o.a.catalina.core.AprLifecycleListener   : The APR based Apache Tomcat Native library which allows optimal performance in production environments was not found on the java.library.path: [E:\WorkSoftare\Java\jdk1.8.0_92\bin;C:\Windows\Sun\Java\bin;C:\Windows\system32;C:\Windows;E:\WorkSoftare\Oracle\product\11.2.0\dbhome_1\bin;E:\WorkSoftare\Python36\Scripts\;E:\WorkSoftare\Python36\;C:\Windows\system32;C:\Windows;C:\Windows\System32\Wbem;C:\Windows\System32\WindowsPowerShell\v1.0\;C:\Program Files (x86)\NVIDIA Corporation\PhysX\Common;C:\Program Files (x86)\MySQL\MySQL Fabric 1.5 & MySQL Utilities 1.5\;C:\Program Files (x86)\MySQL\MySQL Fabric 1.5 & MySQL Utilities 1.5\Doctrine extensions for PHP\;E:\WorkSoftare\Java\jdk1.8.0_92\bin;E:\WorkSoftare\Java\jdk1.8.0_92\jre\bin;E:\WorkSoftare\apache-maven-3.2.3\bin;E:\WorkSoftare\Python36;E:\WorkSoftare\Git\usr\bin;%JAVA_HOME8%\bin;%JAVA_HOME8%\jre\bin;E:\WorkSoftare\Tesseract-OCR;;.]
2018-05-23 15:29:36.436  INFO 10900 --- [localhost-startStop-1] o.a.c.c.C.[Tomcat].[localhost].[/]       : Initializing Spring embedded WebApplicationContext
2018-05-23 15:29:37.925  INFO 10900 --- [localhost-startStop-1] o.s.b.w.servlet.FilterRegistrationBean   : Mapping filter: 'characterEncodingFilter' to: [/*]
2018-05-23 15:29:37.926  INFO 10900 --- [localhost-startStop-1] o.s.b.w.servlet.FilterRegistrationBean   : Mapping filter: 'hiddenHttpMethodFilter' to: [/*]
2018-05-23 15:29:37.926  INFO 10900 --- [localhost-startStop-1] o.s.b.w.servlet.FilterRegistrationBean   : Mapping filter: 'httpPutFormContentFilter' to: [/*]
2018-05-23 15:29:37.927  INFO 10900 --- [localhost-startStop-1] o.s.b.w.servlet.FilterRegistrationBean   : Mapping filter: 'requestContextFilter' to: [/*]
2018-05-23 15:29:37.927  INFO 10900 --- [localhost-startStop-1] o.s.b.w.servlet.FilterRegistrationBean   : Mapping filter: 'httpTraceFilter' to: [/*]
2018-05-23 15:29:37.928  INFO 10900 --- [localhost-startStop-1] o.s.b.w.servlet.FilterRegistrationBean   : Mapping filter: 'webMvcMetricsFilter' to: [/*]
2018-05-23 15:29:37.928  INFO 10900 --- [localhost-startStop-1] o.s.b.w.servlet.FilterRegistrationBean   : Mapping filter: 'servletContainer' to urls: [/eureka/*]
2018-05-23 15:29:37.928  INFO 10900 --- [localhost-startStop-1] o.s.b.w.servlet.ServletRegistrationBean  : Servlet dispatcherServlet mapped to [/]
2018-05-23 15:29:38.006  INFO 10900 --- [localhost-startStop-1] c.s.j.s.i.a.WebApplicationImpl           : Initiating Jersey application, version 'Jersey: 1.19.1 03/11/2016 02:08 PM'
2018-05-23 15:29:38.072  INFO 10900 --- [localhost-startStop-1] c.n.d.provider.DiscoveryJerseyProvider   : Using JSON encoding codec LegacyJacksonJson
2018-05-23 15:29:38.073  INFO 10900 --- [localhost-startStop-1] c.n.d.provider.DiscoveryJerseyProvider   : Using JSON decoding codec LegacyJacksonJson
2018-05-23 15:29:38.182  INFO 10900 --- [localhost-startStop-1] c.n.d.provider.DiscoveryJerseyProvider   : Using XML encoding codec XStreamXml
2018-05-23 15:29:38.182  INFO 10900 --- [localhost-startStop-1] c.n.d.provider.DiscoveryJerseyProvider   : Using XML decoding codec XStreamXml
2018-05-23 15:29:38.509  WARN 10900 --- [main] o.s.c.n.a.ArchaiusAutoConfiguration      : No spring.application.name found, defaulting to 'application'
2018-05-23 15:29:38.511  WARN 10900 --- [main] c.n.c.sources.URLConfigurationSource     : No URLs will be polled as dynamic configuration sources.
2018-05-23 15:29:38.511  INFO 10900 --- [main] c.n.c.sources.URLConfigurationSource     : To enable URLs as dynamic configuration sources, define System property archaius.configurationSource.additionalUrls or make config.properties available on classpath.
2018-05-23 15:29:38.515  WARN 10900 --- [main] c.n.c.sources.URLConfigurationSource     : No URLs will be polled as dynamic configuration sources.
2018-05-23 15:29:38.515  INFO 10900 --- [main] c.n.c.sources.URLConfigurationSource     : To enable URLs as dynamic configuration sources, define System property archaius.configurationSource.additionalUrls or make config.properties available on classpath.
2018-05-23 15:29:39.493  INFO 10900 --- [main] o.s.ui.freemarker.SpringTemplateLoader   : SpringTemplateLoader for FreeMarker: using resource loader [org.springframework.boot.web.servlet.context.AnnotationConfigServletWebServerApplicationContext@3935e9a8: startup date [Wed May 23 15:29:35 CST 2018]; parent: org.springframework.context.annotation.AnnotationConfigApplicationContext@46dffdc3] and template loader path [classpath:/templates/]
2018-05-23 15:29:39.693  INFO 10900 --- [main] o.s.c.n.eureka.InstanceInfoFactory       : Setting initial instance status as: STARTING
2018-05-23 15:29:39.738  INFO 10900 --- [main] com.netflix.discovery.DiscoveryClient    : Initializing Eureka in region us-east-1
2018-05-23 15:29:39.738  INFO 10900 --- [main] com.netflix.discovery.DiscoveryClient    : Client configured to neither register nor query for data.
2018-05-23 15:29:39.745  INFO 10900 --- [main] com.netflix.discovery.DiscoveryClient    : Discovery Client initialized at timestamp 1527060579744 with initial instances count: 0
2018-05-23 15:29:39.788  INFO 10900 --- [main] c.n.eureka.DefaultEurekaServerContext    : Initializing ...
2018-05-23 15:29:39.789  WARN 10900 --- [main] c.n.eureka.cluster.PeerEurekaNodes       : The replica size seems to be empty. Check the route 53 DNS Registry
2018-05-23 15:29:39.804  INFO 10900 --- [main] c.n.e.registry.AbstractInstanceRegistry  : Finished initializing remote region registries. All known remote regions: []
2018-05-23 15:29:39.805  INFO 10900 --- [main] c.n.eureka.DefaultEurekaServerContext    : Initialized
2018-05-23 15:29:39.825  INFO 10900 --- [main] o.s.b.a.e.web.EndpointLinksResolver      : Exposing 2 endpoint(s) beneath base path '/actuator'
2018-05-23 15:29:39.838  INFO 10900 --- [main] s.b.a.e.w.s.WebMvcEndpointHandlerMapping : Mapped "{[/actuator/health],methods=[GET],produces=[application/vnd.spring-boot.actuator.v2+json || application/json]}" onto public java.lang.Object org.springframework.boot.actuate.endpoint.web.servlet.AbstractWebMvcEndpointHandlerMapping$OperationHandler.handle(javax.servlet.http.HttpServletRequest,java.util.Map<java.lang.String, java.lang.String>)
2018-05-23 15:29:39.838  INFO 10900 --- [main] s.b.a.e.w.s.WebMvcEndpointHandlerMapping : Mapped "{[/actuator/info],methods=[GET],produces=[application/vnd.spring-boot.actuator.v2+json || application/json]}" onto public java.lang.Object org.springframework.boot.actuate.endpoint.web.servlet.AbstractWebMvcEndpointHandlerMapping$OperationHandler.handle(javax.servlet.http.HttpServletRequest,java.util.Map<java.lang.String, java.lang.String>)
2018-05-23 15:29:39.839  INFO 10900 --- [main] s.b.a.e.w.s.WebMvcEndpointHandlerMapping : Mapped "{[/actuator],methods=[GET],produces=[application/vnd.spring-boot.actuator.v2+json || application/json]}" onto protected java.util.Map<java.lang.String, java.util.Map<java.lang.String, org.springframework.boot.actuate.endpoint.web.Link>> org.springframework.boot.actuate.endpoint.web.servlet.WebMvcEndpointHandlerMapping.links(javax.servlet.http.HttpServletRequest,javax.servlet.http.HttpServletResponse)
2018-05-23 15:29:39.896  INFO 10900 --- [main] o.s.j.e.a.AnnotationMBeanExporter        : Registering beans for JMX exposure on startup
2018-05-23 15:29:39.904  INFO 10900 --- [main] o.s.j.e.a.AnnotationMBeanExporter        : Bean with name 'environmentManager' has been autodetected for JMX exposure
2018-05-23 15:29:39.905  INFO 10900 --- [main] o.s.j.e.a.AnnotationMBeanExporter        : Bean with name 'configurationPropertiesRebinder' has been autodetected for JMX exposure
2018-05-23 15:29:39.906  INFO 10900 --- [main] o.s.j.e.a.AnnotationMBeanExporter        : Bean with name 'refreshScope' has been autodetected for JMX exposure
2018-05-23 15:29:39.910  INFO 10900 --- [main] o.s.j.e.a.AnnotationMBeanExporter        : Located managed bean 'environmentManager': registering with JMX server as MBean [org.springframework.cloud.context.environment:name=environmentManager,type=EnvironmentManager]
2018-05-23 15:29:39.917  INFO 10900 --- [main] o.s.j.e.a.AnnotationMBeanExporter        : Located managed bean 'refreshScope': registering with JMX server as MBean [org.springframework.cloud.context.scope.refresh:name=refreshScope,type=RefreshScope]
2018-05-23 15:29:39.929  INFO 10900 --- [main] o.s.j.e.a.AnnotationMBeanExporter        : Located managed bean 'configurationPropertiesRebinder': registering with JMX server as MBean [org.springframework.cloud.context.properties:name=configurationPropertiesRebinder,context=3935e9a8,type=ConfigurationPropertiesRebinder]
2018-05-23 15:29:39.937  INFO 10900 --- [main] o.s.c.support.DefaultLifecycleProcessor  : Starting beans in phase 0
2018-05-23 15:29:39.938  INFO 10900 --- [main] o.s.c.n.e.s.EurekaServiceRegistry        : Registering application unknown with eureka with status UP
2018-05-23 15:29:39.941  INFO 10900 --- [Thread-26] o.s.c.n.e.server.EurekaServerBootstrap   : Setting the eureka configuration..
2018-05-23 15:29:39.941  INFO 10900 --- [Thread-26] o.s.c.n.e.server.EurekaServerBootstrap   : Eureka data center value eureka.datacenter is not set, defaulting to default
2018-05-23 15:29:39.942  INFO 10900 --- [Thread-26] o.s.c.n.e.server.EurekaServerBootstrap   : Eureka environment value eureka.environment is not set, defaulting to test
2018-05-23 15:29:39.958  INFO 10900 --- [Thread-26] o.s.c.n.e.server.EurekaServerBootstrap   : isAws returned false
2018-05-23 15:29:39.960  INFO 10900 --- [Thread-26] o.s.c.n.e.server.EurekaServerBootstrap   : Initialized server context
2018-05-23 15:29:39.960  INFO 10900 --- [Thread-26] c.n.e.r.PeerAwareInstanceRegistryImpl    : Got 1 instances from neighboring DS node
2018-05-23 15:29:39.960  INFO 10900 --- [Thread-26] c.n.e.r.PeerAwareInstanceRegistryImpl    : Renew threshold is: 1
2018-05-23 15:29:39.960  INFO 10900 --- [Thread-26] c.n.e.r.PeerAwareInstanceRegistryImpl    : Changing status to UP
2018-05-23 15:29:39.970  INFO 10900 --- [Thread-26] e.s.EurekaServerInitializerConfiguration : Started Eureka Server
2018-05-23 15:29:39.993  INFO 10900 --- [main] o.s.b.w.embedded.tomcat.TomcatWebServer  : Tomcat started on port(s): 8081 (http) with context path ''
2018-05-23 15:29:39.994  INFO 10900 --- [main] .s.c.n.e.s.EurekaAutoServiceRegistration : Updating port to 8081
2018-05-23 15:29:39.996  INFO 10900 --- [main] com.server.ServerApplication             : Started ServerApplication in 6.677 seconds (JVM running for 8.103)
2018-05-23 15:29:40.500  INFO 10900 --- [RMI TCP Connection(6)-127.0.0.1] o.a.c.c.C.[Tomcat].[localhost].[/]       : Initializing Spring FrameworkServlet 'dispatcherServlet'
2018-05-23 15:29:46.215  WARN 10900 --- [http-nio-8081-exec-2] c.n.e.registry.AbstractInstanceRegistry  : DS: Registry: lease doesn't exist, registering resource: SERVICE-RIBBON - Lenovo-PC:service-ribbon:8763
2018-05-23 15:29:46.216  WARN 10900 --- [http-nio-8081-exec-2] c.n.eureka.resources.InstanceResource    : Not Found (Renew): SERVICE-RIBBON - Lenovo-PC:service-ribbon:8763
2018-05-23 15:29:46.328  INFO 10900 --- [http-nio-8081-exec-4] c.n.e.registry.AbstractInstanceRegistry  : Registered instance SERVICE-RIBBON/Lenovo-PC:service-ribbon:8763 with status UP (replication=false)
2018-05-23 15:29:46.328  INFO 10900 --- [http-nio-8081-exec-3] c.n.e.registry.AbstractInstanceRegistry  : Registered instance SERVICE-RIBBON/Lenovo-PC:service-ribbon:8763 with status UP (replication=false)
2018-05-23 15:30:12.034  INFO 10900 --- [http-nio-8081-exec-6] c.n.e.registry.AbstractInstanceRegistry  : Registered instance SERVICE-HELLO/Lenovo-PC:service-hello:8762 with status UP (replication=false)
2018-05-23 15:30:16.347  INFO 10900 --- [http-nio-8081-exec-9] c.n.e.registry.AbstractInstanceRegistry  : Registered instance SERVICE-RIBBON/Lenovo-PC:service-ribbon:8763 with status UP (replication=false)
2018-05-23 15:30:39.962  INFO 10900 --- [Eureka-EvictionTimer] c.n.e.registry.AbstractInstanceRegistry  : Running the evict task with compensationTime 0ms
2018-05-23 15:30:43.271  INFO 10900 --- [http-nio-8081-exec-3] c.n.e.registry.AbstractInstanceRegistry  : Registered instance SERVICE-RIBBON/Lenovo-PC:service-ribbon:8763 with status UP (replication=false)
2018-05-23 15:31:39.962  INFO 10900 --- [Eureka-EvictionTimer] c.n.e.registry.AbstractInstanceRegistry  : Running the evict task with compensationTime 0ms
2018-05-23 15:32:39.962  INFO 10900 --- [Eureka-EvictionTimer] c.n.e.registry.AbstractInstanceRegistry  : Running the evict task with compensationTime 0ms
2018-05-23 15:33:39.962  INFO 10900 --- [Eureka-EvictionTimer] c.n.e.registry.AbstractInstanceRegistry  : Running the evict task with compensationTime 0ms
2018-05-23 15:34:39.962  INFO 10900 --- [Eureka-EvictionTimer] c.n.e.registry.AbstractInstanceRegistry  : Running the evict task with compensationTime 0ms
2018-05-23 15:35:39.962  INFO 10900 --- [Eureka-EvictionTimer] c.n.e.registry.AbstractInstanceRegistry  : Running the evict task with compensationTime 0ms
2018-05-23 15:36:39.962  INFO 10900 --- [Eureka-EvictionTimer] c.n.e.registry.AbstractInstanceRegistry  : Running the evict task with compensationTime 0ms
