2018-05-23 16:07:29.171  INFO 4904 --- [main] com.client.ClientApplicationTests        : No active profile set, falling back to default profiles: default
2018-05-23 16:07:30.493  INFO 4904 --- [main] o.s.cloud.context.scope.GenericScope     : BeanFactory id=68b54bbe-36eb-33a3-a124-4f41cb5a4610
2018-05-23 16:07:30.607  INFO 4904 --- [main] f.a.AutowiredAnnotationBeanPostProcessor : JSR-330 'javax.inject.Inject' annotation found and supported for autowiring
2018-05-23 16:07:30.744  INFO 4904 --- [main] trationDelegate$BeanPostProcessorChecker : Bean 'org.springframework.cloud.autoconfigure.ConfigurationPropertiesRebinderAutoConfiguration' of type [org.springframework.cloud.autoconfigure.ConfigurationPropertiesRebinderAutoConfiguration$$EnhancerBySpringCGLIB$$30e0cf32] is not eligible for getting processed by all BeanPostProcessors (for example: not eligible for auto-proxying)
2018-05-23 16:07:31.309  WARN 4904 --- [main] c.n.c.sources.URLConfigurationSource     : No URLs will be polled as dynamic configuration sources.
2018-05-23 16:07:31.313  INFO 4904 --- [main] c.n.c.sources.URLConfigurationSource     : To enable URLs as dynamic configuration sources, define System property archaius.configurationSource.additionalUrls or make config.properties available on classpath.
2018-05-23 16:07:31.326  WARN 4904 --- [main] c.n.c.sources.URLConfigurationSource     : No URLs will be polled as dynamic configuration sources.
2018-05-23 16:07:31.327  INFO 4904 --- [main] c.n.c.sources.URLConfigurationSource     : To enable URLs as dynamic configuration sources, define System property archaius.configurationSource.additionalUrls or make config.properties available on classpath.
2018-05-23 16:07:37.531  INFO 4904 --- [main] o.s.c.support.DefaultLifecycleProcessor  : Starting beans in phase 0
2018-05-23 16:07:37.546  INFO 4904 --- [main] com.client.ClientApplicationTests        : Started ClientApplicationTests in 12.475 seconds (JVM running for 14.487)
2018-05-23 16:07:39.589  INFO 4904 --- [Thread-5] o.s.c.n.eureka.InstanceInfoFactory       : Setting initial instance status as: STARTING
2018-05-23 16:07:39.596  INFO 4904 --- [Thread-5] o.s.c.n.e.s.EurekaServiceRegistry        : Unregistering application service-hello with eureka with status DOWN
2018-05-23 16:07:39.598  INFO 4904 --- [Thread-5] o.s.c.support.DefaultLifecycleProcessor  : Stopping beans in phase 0
2018-05-23 16:07:39.656  INFO 4904 --- [Thread-5] com.netflix.discovery.DiscoveryClient    : Initializing Eureka in region us-east-1
2018-05-23 16:07:39.861  INFO 4904 --- [Thread-5] c.n.d.provider.DiscoveryJerseyProvider   : Using JSON encoding codec LegacyJacksonJson
2018-05-23 16:07:39.862  INFO 4904 --- [Thread-5] c.n.d.provider.DiscoveryJerseyProvider   : Using JSON decoding codec LegacyJacksonJson
2018-05-23 16:07:40.169  INFO 4904 --- [Thread-5] c.n.d.provider.DiscoveryJerseyProvider   : Using XML encoding codec XStreamXml
2018-05-23 16:07:40.169  INFO 4904 --- [Thread-5] c.n.d.provider.DiscoveryJerseyProvider   : Using XML decoding codec XStreamXml
2018-05-23 16:07:40.408  INFO 4904 --- [Thread-5] c.n.d.s.r.aws.ConfigClusterResolver      : Resolving eureka endpoints via configuration
2018-05-23 16:07:41.167  INFO 4904 --- [Thread-5] com.netflix.discovery.DiscoveryClient    : Disable delta property : false
2018-05-23 16:07:41.167  INFO 4904 --- [Thread-5] com.netflix.discovery.DiscoveryClient    : Single vip registry refresh property : null
2018-05-23 16:07:41.168  INFO 4904 --- [Thread-5] com.netflix.discovery.DiscoveryClient    : Force full registry fetch : false
2018-05-23 16:07:41.168  INFO 4904 --- [Thread-5] com.netflix.discovery.DiscoveryClient    : Application is null : false
2018-05-23 16:07:41.168  INFO 4904 --- [Thread-5] com.netflix.discovery.DiscoveryClient    : Registered Applications size is zero : true
2018-05-23 16:07:41.168  INFO 4904 --- [Thread-5] com.netflix.discovery.DiscoveryClient    : Application version is -1: true
2018-05-23 16:07:41.168  INFO 4904 --- [Thread-5] com.netflix.discovery.DiscoveryClient    : Getting all instance registry info from the eureka server
2018-05-23 16:07:41.532  INFO 4904 --- [Thread-5] com.netflix.discovery.DiscoveryClient    : The response status is 200
2018-05-23 16:07:41.537  INFO 4904 --- [Thread-5] com.netflix.discovery.DiscoveryClient    : Starting heartbeat executor: renew interval is: 30
2018-05-23 16:07:41.542  INFO 4904 --- [Thread-5] c.n.discovery.InstanceInfoReplicator     : InstanceInfoReplicator onDemand update allowed rate per min is 4
2018-05-23 16:07:41.666  INFO 4904 --- [Thread-5] com.netflix.discovery.DiscoveryClient    : Discovery Client initialized at timestamp 1527062861664 with initial instances count: 0
2018-05-23 16:07:41.671  INFO 4904 --- [Thread-5] com.netflix.discovery.DiscoveryClient    : Shutting down DiscoveryClient ...
2018-05-23 16:07:44.684  INFO 4904 --- [Thread-5] com.netflix.discovery.DiscoveryClient    : Unregistering ...
2018-05-23 16:07:44.711  INFO 4904 --- [Thread-5] com.netflix.discovery.DiscoveryClient    : DiscoveryClient_SERVICE-HELLO/Lenovo-PC:service-hello:-1 - deregister  status: 404
2018-05-23 16:07:44.725  INFO 4904 --- [Thread-5] com.netflix.discovery.DiscoveryClient    : Completed shut down of DiscoveryClient
