2018-05-23 13:22:29.407  INFO 6196 --- [main] com.client.ClientApplicationTests        : No active profile set, falling back to default profiles: default
2018-05-23 13:22:30.054  INFO 6196 --- [main] o.s.cloud.context.scope.GenericScope     : BeanFactory id=68b54bbe-36eb-33a3-a124-4f41cb5a4610
2018-05-23 13:22:30.103  INFO 6196 --- [main] f.a.AutowiredAnnotationBeanPostProcessor : JSR-330 'javax.inject.Inject' annotation found and supported for autowiring
2018-05-23 13:22:30.200  INFO 6196 --- [main] trationDelegate$BeanPostProcessorChecker : Bean 'org.springframework.cloud.autoconfigure.ConfigurationPropertiesRebinderAutoConfiguration' of type [org.springframework.cloud.autoconfigure.ConfigurationPropertiesRebinderAutoConfiguration$$EnhancerBySpringCGLIB$$7ef5d893] is not eligible for getting processed by all BeanPostProcessors (for example: not eligible for auto-proxying)
2018-05-23 13:22:30.474  WARN 6196 --- [main] c.n.c.sources.URLConfigurationSource     : No URLs will be polled as dynamic configuration sources.
2018-05-23 13:22:30.474  INFO 6196 --- [main] c.n.c.sources.URLConfigurationSource     : To enable URLs as dynamic configuration sources, define System property archaius.configurationSource.additionalUrls or make config.properties available on classpath.
2018-05-23 13:22:30.480  WARN 6196 --- [main] c.n.c.sources.URLConfigurationSource     : No URLs will be polled as dynamic configuration sources.
2018-05-23 13:22:30.481  INFO 6196 --- [main] c.n.c.sources.URLConfigurationSource     : To enable URLs as dynamic configuration sources, define System property archaius.configurationSource.additionalUrls or make config.properties available on classpath.
2018-05-23 13:22:32.194  INFO 6196 --- [main] o.s.c.support.DefaultLifecycleProcessor  : Starting beans in phase 0
2018-05-23 13:22:32.204  INFO 6196 --- [main] com.client.ClientApplicationTests        : Started ClientApplicationTests in 4.364 seconds (JVM running for 5.411)
2018-05-23 13:22:32.384  INFO 6196 --- [Thread-5] o.s.c.n.eureka.InstanceInfoFactory       : Setting initial instance status as: STARTING
2018-05-23 13:22:32.390  INFO 6196 --- [Thread-5] o.s.c.n.e.s.EurekaServiceRegistry        : Unregistering application service-hello with eureka with status DOWN
2018-05-23 13:22:32.392  INFO 6196 --- [Thread-5] o.s.c.support.DefaultLifecycleProcessor  : Stopping beans in phase 0
2018-05-23 13:22:32.450  INFO 6196 --- [Thread-5] com.netflix.discovery.DiscoveryClient    : Initializing Eureka in region us-east-1
2018-05-23 13:22:32.650  INFO 6196 --- [Thread-5] c.n.d.provider.DiscoveryJerseyProvider   : Using JSON encoding codec LegacyJacksonJson
2018-05-23 13:22:32.651  INFO 6196 --- [Thread-5] c.n.d.provider.DiscoveryJerseyProvider   : Using JSON decoding codec LegacyJacksonJson
2018-05-23 13:22:32.817  INFO 6196 --- [Thread-5] c.n.d.provider.DiscoveryJerseyProvider   : Using XML encoding codec XStreamXml
2018-05-23 13:22:32.818  INFO 6196 --- [Thread-5] c.n.d.provider.DiscoveryJerseyProvider   : Using XML decoding codec XStreamXml
2018-05-23 13:22:33.112  INFO 6196 --- [Thread-5] c.n.d.s.r.aws.ConfigClusterResolver      : Resolving eureka endpoints via configuration
2018-05-23 13:22:33.283  INFO 6196 --- [Thread-5] com.netflix.discovery.DiscoveryClient    : Disable delta property : false
2018-05-23 13:22:33.283  INFO 6196 --- [Thread-5] com.netflix.discovery.DiscoveryClient    : Single vip registry refresh property : null
2018-05-23 13:22:33.283  INFO 6196 --- [Thread-5] com.netflix.discovery.DiscoveryClient    : Force full registry fetch : false
2018-05-23 13:22:33.283  INFO 6196 --- [Thread-5] com.netflix.discovery.DiscoveryClient    : Application is null : false
2018-05-23 13:22:33.283  INFO 6196 --- [Thread-5] com.netflix.discovery.DiscoveryClient    : Registered Applications size is zero : true
2018-05-23 13:22:33.284  INFO 6196 --- [Thread-5] com.netflix.discovery.DiscoveryClient    : Application version is -1: true
2018-05-23 13:22:33.284  INFO 6196 --- [Thread-5] com.netflix.discovery.DiscoveryClient    : Getting all instance registry info from the eureka server
2018-05-23 13:22:33.582  INFO 6196 --- [Thread-5] com.netflix.discovery.DiscoveryClient    : The response status is 200
2018-05-23 13:22:33.584  INFO 6196 --- [Thread-5] com.netflix.discovery.DiscoveryClient    : Starting heartbeat executor: renew interval is: 30
2018-05-23 13:22:33.587  INFO 6196 --- [Thread-5] c.n.discovery.InstanceInfoReplicator     : InstanceInfoReplicator onDemand update allowed rate per min is 4
2018-05-23 13:22:33.593  INFO 6196 --- [Thread-5] com.netflix.discovery.DiscoveryClient    : Discovery Client initialized at timestamp 1527052953592 with initial instances count: 0
2018-05-23 13:22:33.597  INFO 6196 --- [Thread-5] com.netflix.discovery.DiscoveryClient    : Shutting down DiscoveryClient ...
2018-05-23 13:22:36.599  INFO 6196 --- [Thread-5] com.netflix.discovery.DiscoveryClient    : Unregistering ...
2018-05-23 13:22:36.614  INFO 6196 --- [Thread-5] com.netflix.discovery.DiscoveryClient    : DiscoveryClient_SERVICE-HELLO/Lenovo-PC:service-hello:-1 - deregister  status: 404
2018-05-23 13:22:36.623  INFO 6196 --- [Thread-5] com.netflix.discovery.DiscoveryClient    : Completed shut down of DiscoveryClient
